<?xml version="1.0" encoding="UTF-8" standalone="yes"?><!DOCTYPE report PUBLIC "-//JACOCO//DTD Report 1.1//EN" "report.dtd"><report name="microsites-junit"><sessioninfo id="DW10P554028-PC-daf361f4" start="1614212376988" dump="1614212388198"/><sessioninfo id="DW10P554028-PC-5b2c069d" start="1614213184744" dump="1614213196386"/><sessioninfo id="DW10P554028-PC-c33eda45" start="1614213910964" dump="1614213922267"/><sessioninfo id="DW10P554028-PC-f9b14440" start="1614214551024" dump="1614214562467"/><sessioninfo id="DW10P554028-PC-4f3b8479" start="1614214805445" dump="1614214816806"/><package name="com/ee/component/question/model"><class name="com/ee/component/question/model/LegacyQuestionEditFieldModelTest" sourcefilename="LegacyQuestionEditFieldModelTest.java"><method name="&lt;clinit&gt;" desc="()V" line="46"><counter type="INSTRUCTION" missed="3" covered="0"/><counter type="LINE" missed="1" covered="0"/><counter type="COMPLEXITY" missed="1" covered="0"/><counter type="METHOD" missed="1" covered="0"/></method><method name="&lt;init&gt;" desc="()V" line="41"><counter type="INSTRUCTION" missed="8" covered="0"/><counter type="LINE" missed="2" covered="0"/><counter type="COMPLEXITY" missed="1" covered="0"/><counter type="METHOD" missed="1" covered="0"/></method><method name="setupTest" desc="()V" line="63"><counter type="INSTRUCTION" missed="39" covered="0"/><counter type="LINE" missed="10" covered="0"/><counter type="COMPLEXITY" missed="1" covered="0"/><counter type="METHOD" missed="1" covered="0"/></method><method name="tearDownTest" desc="()V" line="87"><counter type="INSTRUCTION" missed="4" covered="0"/><counter type="LINE" missed="2" covered="0"/><counter type="COMPLEXITY" missed="1" covered="0"/><counter type="METHOD" missed="1" covered="0"/></method><method name="testAttachFileAlreadyAttached" desc="()V" line="99"><counter type="INSTRUCTION" missed="11" covered="0"/><counter type="LINE" missed="3" covered="0"/><counter type="COMPLEXITY" missed="1" covered="0"/><counter type="METHOD" missed="1" covered="0"/></method><method name="testAttachFileMissing" desc="()V" line="113"><counter type="INSTRUCTION" missed="7" covered="0"/><counter type="LINE" missed="2" covered="0"/><counter type="COMPLEXITY" missed="1" covered="0"/><counter type="METHOD" missed="1" covered="0"/></method><method name="testAttachFilePreservesDescription" desc="()V" line="125"><counter type="INSTRUCTION" missed="34" covered="0"/><counter type="LINE" missed="10" covered="0"/><counter type="COMPLEXITY" missed="1" covered="0"/><counter type="METHOD" missed="1" covered="0"/></method><method name="testBlankState" desc="()V" line="146"><counter type="INSTRUCTION" missed="7" covered="0"/><counter type="LINE" missed="4" covered="0"/><counter type="COMPLEXITY" missed="1" covered="0"/><counter type="METHOD" missed="1" covered="0"/></method><method name="testBodyBtfIsBeingValidated" desc="()V" line="162"><counter type="INSTRUCTION" missed="5" covered="0"/><counter type="LINE" missed="2" covered="0"/><counter type="COMPLEXITY" missed="1" covered="0"/><counter type="METHOD" missed="1" covered="0"/></method><method name="testBodyEmpty" desc="()V" line="174"><counter type="INSTRUCTION" missed="5" covered="0"/><counter type="LINE" missed="2" covered="0"/><counter type="COMPLEXITY" missed="1" covered="0"/><counter type="METHOD" missed="1" covered="0"/></method><method name="testCantClearNeglected" desc="()V" line="184"><counter type="INSTRUCTION" missed="11" covered="0"/><counter type="LINE" missed="3" covered="0"/><counter type="COMPLEXITY" missed="1" covered="0"/><counter type="METHOD" missed="1" covered="0"/></method><method name="testCantSetGradeOnOpenQuestion" desc="()V" line="196"><counter type="INSTRUCTION" missed="10" covered="0"/><counter type="LINE" missed="3" covered="0"/><counter type="COMPLEXITY" missed="1" covered="0"/><counter type="METHOD" missed="1" covered="0"/></method><method name="testCoverage" desc="()V" line="209"><counter type="INSTRUCTION" missed="46" covered="0"/><counter type="BRANCH" missed="2" covered="0"/><counter type="LINE" missed="12" covered="0"/><counter type="COMPLEXITY" missed="2" covered="0"/><counter type="METHOD" missed="1" covered="0"/></method><method name="testNoChangesMadeMessage" desc="()V" line="232"><counter type="INSTRUCTION" missed="11" covered="0"/><counter type="LINE" missed="3" covered="0"/><counter type="COMPLEXITY" missed="1" covered="0"/><counter type="METHOD" missed="1" covered="0"/></method><method name="testNotLoggedIn" desc="()V" line="246"><counter type="INSTRUCTION" missed="5" covered="0"/><counter type="LINE" missed="4" covered="0"/><counter type="COMPLEXITY" missed="1" covered="0"/><counter type="METHOD" missed="1" covered="0"/></method><method name="testSuppressExpertAlerts" desc="()V" line="262"><counter type="INSTRUCTION" missed="20" covered="0"/><counter type="LINE" missed="7" covered="0"/><counter type="COMPLEXITY" missed="1" covered="0"/><counter type="METHOD" missed="1" covered="0"/></method><method name="testTitleNull" desc="()V" line="283"><counter type="INSTRUCTION" missed="5" covered="0"/><counter type="LINE" missed="2" covered="0"/><counter type="COMPLEXITY" missed="1" covered="0"/><counter type="METHOD" missed="1" covered="0"/></method><method name="testTitleTooShort" desc="()V" line="295"><counter type="INSTRUCTION" missed="5" covered="0"/><counter type="LINE" missed="2" covered="0"/><counter type="COMPLEXITY" missed="1" covered="0"/><counter type="METHOD" missed="1" covered="0"/></method><method name="testTopicsApprovedOrProposed" desc="()V" line="307"><counter type="INSTRUCTION" missed="9" covered="0"/><counter type="LINE" missed="2" covered="0"/><counter type="COMPLEXITY" missed="1" covered="0"/><counter type="METHOD" missed="1" covered="0"/></method><method name="testTopicsEmpty" desc="()V" line="319"><counter type="INSTRUCTION" missed="16" covered="0"/><counter type="LINE" missed="4" covered="0"/><counter type="COMPLEXITY" missed="1" covered="0"/><counter type="METHOD" missed="1" covered="0"/></method><method name="testTopicsInvalid" desc="()V" line="334"><counter type="INSTRUCTION" missed="7" covered="0"/><counter type="LINE" missed="2" covered="0"/><counter type="COMPLEXITY" missed="1" covered="0"/><counter type="METHOD" missed="1" covered="0"/></method><method name="testTopicsProposedOnly" desc="()V" line="346"><counter type="INSTRUCTION" missed="9" covered="0"/><counter type="LINE" missed="2" covered="0"/><counter type="COMPLEXITY" missed="1" covered="0"/><counter type="METHOD" missed="1" covered="0"/></method><method name="testTopicsSuccess" desc="()V" line="358"><counter type="INSTRUCTION" missed="10" covered="0"/><counter type="LINE" missed="3" covered="0"/><counter type="COMPLEXITY" missed="1" covered="0"/><counter type="METHOD" missed="1" covered="0"/></method><method name="testTopicsTooMany" desc="()V" line="371"><counter type="INSTRUCTION" missed="8" covered="0"/><counter type="LINE" missed="2" covered="0"/><counter type="COMPLEXITY" missed="1" covered="0"/><counter type="METHOD" missed="1" covered="0"/></method><method name="testUpdateAllowProductRecommendation" desc="()V" line="378"><counter type="INSTRUCTION" missed="7" covered="0"/><counter type="LINE" missed="2" covered="0"/><counter type="COMPLEXITY" missed="1" covered="0"/><counter type="METHOD" missed="1" covered="0"/></method><method name="testUpdateAttachedFiles" desc="()V" line="385"><counter type="INSTRUCTION" missed="23" covered="0"/><counter type="LINE" missed="7" covered="0"/><counter type="COMPLEXITY" missed="1" covered="0"/><counter type="METHOD" missed="1" covered="0"/></method><method name="testUpdateBody" desc="()V" line="399"><counter type="INSTRUCTION" missed="6" covered="0"/><counter type="LINE" missed="2" covered="0"/><counter type="COMPLEXITY" missed="1" covered="0"/><counter type="METHOD" missed="1" covered="0"/></method><method name="testUpdateDeleted" desc="()V" line="406"><counter type="INSTRUCTION" missed="7" covered="0"/><counter type="LINE" missed="2" covered="0"/><counter type="COMPLEXITY" missed="1" covered="0"/><counter type="METHOD" missed="1" covered="0"/></method><method name="testUpdateGrade" desc="()V" line="413"><counter type="INSTRUCTION" missed="11" covered="0"/><counter type="LINE" missed="3" covered="0"/><counter type="COMPLEXITY" missed="1" covered="0"/><counter type="METHOD" missed="1" covered="0"/></method><method name="testUpdateNeglected" desc="()V" line="422"><counter type="INSTRUCTION" missed="7" covered="0"/><counter type="LINE" missed="2" covered="0"/><counter type="COMPLEXITY" missed="1" covered="0"/><counter type="METHOD" missed="1" covered="0"/></method><method name="testUpdateNoIndex" desc="()V" line="429"><counter type="INSTRUCTION" missed="7" covered="0"/><counter type="LINE" missed="2" covered="0"/><counter type="COMPLEXITY" missed="1" covered="0"/><counter type="METHOD" missed="1" covered="0"/></method><method name="testUpdateSpam" desc="()V" line="440"><counter type="INSTRUCTION" missed="44" covered="0"/><counter type="LINE" missed="10" covered="0"/><counter type="COMPLEXITY" missed="1" covered="0"/><counter type="METHOD" missed="1" covered="0"/></method><method name="testUpdateTitle" desc="()V" line="459"><counter type="INSTRUCTION" missed="6" covered="0"/><counter type="LINE" missed="2" covered="0"/><counter type="COMPLEXITY" missed="1" covered="0"/><counter type="METHOD" missed="1" covered="0"/></method><method name="testUpdateTitleAndBodyTogether" desc="()V" line="469"><counter type="INSTRUCTION" missed="45" covered="0"/><counter type="LINE" missed="12" covered="0"/><counter type="COMPLEXITY" missed="1" covered="0"/><counter type="METHOD" missed="1" covered="0"/></method><method name="testUpdateTopics" desc="()V" line="493"><counter type="INSTRUCTION" missed="9" covered="0"/><counter type="LINE" missed="2" covered="0"/><counter type="COMPLEXITY" missed="1" covered="0"/><counter type="METHOD" missed="1" covered="0"/></method><method name="testWithoutPrivs" desc="()V" line="504"><counter type="INSTRUCTION" missed="14" covered="0"/><counter type="LINE" missed="8" covered="0"/><counter type="COMPLEXITY" missed="1" covered="0"/><counter type="METHOD" missed="1" covered="0"/></method><method name="verifyComponentIsPlaced" desc="()V" line="528"><counter type="INSTRUCTION" missed="7" covered="0"/><counter type="LINE" missed="3" covered="0"/><counter type="COMPLEXITY" missed="1" covered="0"/><counter type="METHOD" missed="1" covered="0"/></method><method name="createModel" desc="()V" line="538"><counter type="INSTRUCTION" missed="14" covered="0"/><counter type="LINE" missed="5" covered="0"/><counter type="COMPLEXITY" missed="1" covered="0"/><counter type="METHOD" missed="1" covered="0"/></method><method name="getJsonOutput" desc="()Lorg/json/JSONObject;" line="552"><counter type="INSTRUCTION" missed="9" covered="0"/><counter type="LINE" missed="3" covered="0"/><counter type="COMPLEXITY" missed="1" covered="0"/><counter type="METHOD" missed="1" covered="0"/></method><method name="getTestFileMeta" desc="()Lcom/ee/common/fileDB/FileMetaRead;" line="565"><counter type="INSTRUCTION" missed="53" covered="0"/><counter type="LINE" missed="10" covered="0"/><counter type="COMPLEXITY" missed="1" covered="0"/><counter type="METHOD" missed="1" covered="0"/></method><method name="getTestTopicIds" desc="(IZ)Ljava/util/List;" line="590"><counter type="INSTRUCTION" missed="29" covered="0"/><counter type="BRANCH" missed="2" covered="0"/><counter type="LINE" missed="7" covered="0"/><counter type="COMPLEXITY" missed="2" covered="0"/><counter type="METHOD" missed="1" covered="0"/></method><method name="loadTestTopicId" desc="(Lcom/ee/common/topic/TopicStatus;)I" line="604"><counter type="INSTRUCTION" missed="10" covered="0"/><counter type="LINE" missed="1" covered="0"/><counter type="COMPLEXITY" missed="1" covered="0"/><counter type="METHOD" missed="1" covered="0"/></method><method name="testUpdateField" desc="(Ljava/lang/String;Ljava/lang/Object;)V" line="613"><counter type="INSTRUCTION" missed="38" covered="0"/><counter type="BRANCH" missed="4" covered="0"/><counter type="LINE" missed="13" covered="0"/><counter type="COMPLEXITY" missed="3" covered="0"/><counter type="METHOD" missed="1" covered="0"/></method><method name="testUpdateFieldError" desc="(Ljava/lang/String;Ljava/lang/Object;)V" line="645"><counter type="INSTRUCTION" missed="7" covered="0"/><counter type="LINE" missed="3" covered="0"/><counter type="COMPLEXITY" missed="1" covered="0"/><counter type="METHOD" missed="1" covered="0"/></method><method name="testUpdateFieldSuccess" desc="(Ljava/lang/String;Lcom/ee/common/database/SqlDataSourceUtil$SqlFunction;Ljava/lang/Object;)V" line="658"><counter type="INSTRUCTION" missed="35" covered="0"/><counter type="LINE" missed="6" covered="0"/><counter type="COMPLEXITY" missed="1" covered="0"/><counter type="METHOD" missed="1" covered="0"/></method><method name="verifyErrorMessagePresent" desc="()V" line="673"><counter type="INSTRUCTION" missed="19" covered="0"/><counter type="BRANCH" missed="2" covered="0"/><counter type="LINE" missed="5" covered="0"/><counter type="COMPLEXITY" missed="2" covered="0"/><counter type="METHOD" missed="1" covered="0"/></method><method name="verifySuccessMessagePresent" desc="()V" line="685"><counter type="INSTRUCTION" missed="19" covered="0"/><counter type="BRANCH" missed="2" covered="0"/><counter type="LINE" missed="5" covered="0"/><counter type="COMPLEXITY" missed="2" covered="0"/><counter type="METHOD" missed="1" covered="0"/></method><method name="lambda$2" desc="(Ljava/lang/String;)Z" line="214"><counter type="INSTRUCTION" missed="4" covered="0"/><counter type="LINE" missed="1" covered="0"/><counter type="COMPLEXITY" missed="1" covered="0"/><counter type="METHOD" missed="1" covered="0"/></method><method name="lambda$3" desc="(Ljava/lang/String;)Ljava/lang/String;" line="215"><counter type="INSTRUCTION" missed="5" covered="0"/><counter type="LINE" missed="1" covered="0"/><counter type="COMPLEXITY" missed="1" covered="0"/><counter type="METHOD" missed="1" covered="0"/></method><method name="lambda$4" desc="(Lcom/ee/common/question/QuestionRead;)Ljava/util/List;" line="358"><counter type="INSTRUCTION" missed="3" covered="0"/><counter type="LINE" missed="1" covered="0"/><counter type="COMPLEXITY" missed="1" covered="0"/><counter type="METHOD" missed="1" covered="0"/></method><counter type="INSTRUCTION" missed="733" covered="0"/><counter type="BRANCH" missed="12" covered="0"/><counter type="LINE" missed="204" covered="0"/><counter type="COMPLEXITY" missed="56" covered="0"/><counter type="METHOD" missed="50" covered="0"/><counter type="CLASS" missed="1" covered="0"/></class><sourcefile name="LegacyQuestionEditFieldModelTest.java"><line nr="41" mi="3" ci="0" mb="0" cb="0"/><line nr="46" mi="3" ci="0" mb="0" cb="0"/><line nr="51" mi="5" ci="0" mb="0" cb="0"/><line nr="63" mi="8" ci="0" mb="0" cb="0"/><line nr="68" mi="4" ci="0" mb="0" cb="0"/><line nr="70" mi="3" ci="0" mb="0" cb="0"/><line nr="71" mi="3" ci="0" mb="0" cb="0"/><line nr="72" mi="3" ci="0" mb="0" cb="0"/><line nr="73" mi="3" ci="0" mb="0" cb="0"/><line nr="75" mi="3" ci="0" mb="0" cb="0"/><line nr="77" mi="3" ci="0" mb="0" cb="0"/><line nr="80" mi="8" ci="0" mb="0" cb="0"/><line nr="81" mi="1" ci="0" mb="0" cb="0"/><line nr="87" mi="3" ci="0" mb="0" cb="0"/><line nr="88" mi="1" ci="0" mb="0" cb="0"/><line nr="99" mi="3" ci="0" mb="0" cb="0"/><line nr="101" mi="7" ci="0" mb="0" cb="0"/><line nr="102" mi="1" ci="0" mb="0" cb="0"/><line nr="113" mi="6" ci="0" mb="0" cb="0"/><line nr="114" mi="1" ci="0" mb="0" cb="0"/><line nr="125" mi="2" ci="0" mb="0" cb="0"/><line nr="126" mi="4" ci="0" mb="0" cb="0"/><line nr="128" mi="3" ci="0" mb="0" cb="0"/><line nr="129" mi="5" ci="0" mb="0" cb="0"/><line nr="130" mi="3" ci="0" mb="0" cb="0"/><line nr="131" mi="2" ci="0" mb="0" cb="0"/><line nr="133" mi="7" ci="0" mb="0" cb="0"/><line nr="135" mi="6" ci="0" mb="0" cb="0"/><line nr="136" mi="1" ci="0" mb="0" cb="0"/><line nr="137" mi="1" ci="0" mb="0" cb="0"/><line nr="146" mi="2" ci="0" mb="0" cb="0"/><line nr="148" mi="2" ci="0" mb="0" cb="0"/><line nr="150" mi="2" ci="0" mb="0" cb="0"/><line nr="151" mi="1" ci="0" mb="0" cb="0"/><line nr="162" mi="4" ci="0" mb="0" cb="0"/><line nr="163" mi="1" ci="0" mb="0" cb="0"/><line nr="174" mi="4" ci="0" mb="0" cb="0"/><line nr="175" mi="1" ci="0" mb="0" cb="0"/><line nr="184" mi="5" ci="0" mb="0" cb="0"/><line nr="186" mi="5" ci="0" mb="0" cb="0"/><line nr="187" mi="1" ci="0" mb="0" cb="0"/><line nr="196" mi="5" ci="0" mb="0" cb="0"/><line nr="198" mi="4" ci="0" mb="0" cb="0"/><line nr="199" mi="1" ci="0" mb="0" cb="0"/><line nr="209" mi="3" ci="0" mb="0" cb="0"/><line nr="210" mi="2" ci="0" mb="0" cb="0"/><line nr="211" mi="3" ci="0" mb="0" cb="0"/><line nr="212" mi="5" ci="0" mb="0" cb="0"/><line nr="213" mi="2" ci="0" mb="0" cb="0"/><line nr="214" mi="6" ci="0" mb="0" cb="0"/><line nr="215" mi="7" ci="0" mb="0" cb="0"/><line nr="216" mi="3" ci="0" mb="0" cb="0"/><line nr="218" mi="11" ci="0" mb="2" cb="0"/><line nr="220" mi="4" ci="0" mb="0" cb="0"/><line nr="221" mi="8" ci="0" mb="0" cb="0"/><line nr="223" mi="1" ci="0" mb="0" cb="0"/><line nr="232" mi="5" ci="0" mb="0" cb="0"/><line nr="234" mi="5" ci="0" mb="0" cb="0"/><line nr="235" mi="1" ci="0" mb="0" cb="0"/><line nr="246" mi="2" ci="0" mb="0" cb="0"/><line nr="247" mi="1" ci="0" mb="0" cb="0"/><line nr="248" mi="1" ci="0" mb="0" cb="0"/><line nr="252" mi="1" ci="0" mb="0" cb="0"/><line nr="262" mi="4" ci="0" mb="0" cb="0"/><line nr="264" mi="5" ci="0" mb="0" cb="0"/><line nr="266" mi="2" ci="0" mb="0" cb="0"/><line nr="268" mi="4" ci="0" mb="0" cb="0"/><line nr="270" mi="3" ci="0" mb="0" cb="0"/><line nr="271" mi="1" ci="0" mb="0" cb="0"/><line nr="272" mi="1" ci="0" mb="0" cb="0"/><line nr="283" mi="4" ci="0" mb="0" cb="0"/><line nr="284" mi="1" ci="0" mb="0" cb="0"/><line nr="295" mi="4" ci="0" mb="0" cb="0"/><line nr="296" mi="1" ci="0" mb="0" cb="0"/><line nr="307" mi="8" ci="0" mb="0" cb="0"/><line nr="308" mi="1" ci="0" mb="0" cb="0"/><line nr="319" mi="10" ci="0" mb="0" cb="0"/><line nr="320" mi="1" ci="0" mb="0" cb="0"/><line nr="322" mi="4" ci="0" mb="0" cb="0"/><line nr="323" mi="1" ci="0" mb="0" cb="0"/><line nr="334" mi="6" ci="0" mb="0" cb="0"/><line nr="335" mi="1" ci="0" mb="0" cb="0"/><line nr="346" mi="8" ci="0" mb="0" cb="0"/><line nr="347" mi="1" ci="0" mb="0" cb="0"/><line nr="358" mi="7" ci="0" mb="0" cb="0"/><line nr="359" mi="5" ci="0" mb="0" cb="0"/><line nr="360" mi="1" ci="0" mb="0" cb="0"/><line nr="371" mi="7" ci="0" mb="0" cb="0"/><line nr="372" mi="1" ci="0" mb="0" cb="0"/><line nr="378" mi="6" ci="0" mb="0" cb="0"/><line nr="379" mi="1" ci="0" mb="0" cb="0"/><line nr="385" mi="4" ci="0" mb="0" cb="0"/><line nr="387" mi="3" ci="0" mb="0" cb="0"/><line nr="388" mi="5" ci="0" mb="0" cb="0"/><line nr="389" mi="2" ci="0" mb="0" cb="0"/><line nr="391" mi="4" ci="0" mb="0" cb="0"/><line nr="392" mi="4" ci="0" mb="0" cb="0"/><line nr="393" mi="1" ci="0" mb="0" cb="0"/><line nr="399" mi="5" ci="0" mb="0" cb="0"/><line nr="400" mi="1" ci="0" mb="0" cb="0"/><line nr="406" mi="6" ci="0" mb="0" cb="0"/><line nr="407" mi="1" ci="0" mb="0" cb="0"/><line nr="413" mi="5" ci="0" mb="0" cb="0"/><line nr="415" mi="5" ci="0" mb="0" cb="0"/><line nr="416" mi="1" ci="0" mb="0" cb="0"/><line nr="422" mi="6" ci="0" mb="0" cb="0"/><line nr="423" mi="1" ci="0" mb="0" cb="0"/><line nr="429" mi="6" ci="0" mb="0" cb="0"/><line nr="430" mi="1" ci="0" mb="0" cb="0"/><line nr="440" mi="2" ci="0" mb="0" cb="0"/><line nr="441" mi="2" ci="0" mb="0" cb="0"/><line nr="442" mi="2" ci="0" mb="0" cb="0"/><line nr="444" mi="7" ci="0" mb="0" cb="0"/><line nr="445" mi="8" ci="0" mb="0" cb="0"/><line nr="447" mi="5" ci="0" mb="0" cb="0"/><line nr="449" mi="7" ci="0" mb="0" cb="0"/><line nr="450" mi="8" ci="0" mb="0" cb="0"/><line nr="452" mi="2" ci="0" mb="0" cb="0"/><line nr="453" mi="1" ci="0" mb="0" cb="0"/><line nr="459" mi="5" ci="0" mb="0" cb="0"/><line nr="460" mi="1" ci="0" mb="0" cb="0"/><line nr="469" mi="2" ci="0" mb="0" cb="0"/><line nr="470" mi="2" ci="0" mb="0" cb="0"/><line nr="472" mi="2" ci="0" mb="0" cb="0"/><line nr="474" mi="4" ci="0" mb="0" cb="0"/><line nr="476" mi="5" ci="0" mb="0" cb="0"/><line nr="477" mi="5" ci="0" mb="0" cb="0"/><line nr="479" mi="5" ci="0" mb="0" cb="0"/><line nr="480" mi="5" ci="0" mb="0" cb="0"/><line nr="482" mi="2" ci="0" mb="0" cb="0"/><line nr="484" mi="6" ci="0" mb="0" cb="0"/><line nr="486" mi="6" ci="0" mb="0" cb="0"/><line nr="487" mi="1" ci="0" mb="0" cb="0"/><line nr="493" mi="8" ci="0" mb="0" cb="0"/><line nr="494" mi="1" ci="0" mb="0" cb="0"/><line nr="504" mi="1" ci="0" mb="0" cb="0"/><line nr="508" mi="2" ci="0" mb="0" cb="0"/><line nr="510" mi="3" ci="0" mb="0" cb="0"/><line nr="511" mi="1" ci="0" mb="0" cb="0"/><line nr="512" mi="1" ci="0" mb="0" cb="0"/><line nr="514" mi="4" ci="0" mb="0" cb="0"/><line nr="515" mi="1" ci="0" mb="0" cb="0"/><line nr="517" mi="1" ci="0" mb="0" cb="0"/><line nr="528" mi="5" ci="0" mb="0" cb="0"/><line nr="529" mi="1" ci="0" mb="0" cb="0"/><line nr="530" mi="1" ci="0" mb="0" cb="0"/><line nr="538" mi="4" ci="0" mb="0" cb="0"/><line nr="540" mi="3" ci="0" mb="0" cb="0"/><line nr="542" mi="4" ci="0" mb="0" cb="0"/><line nr="544" mi="2" ci="0" mb="0" cb="0"/><line nr="545" mi="1" ci="0" mb="0" cb="0"/><line nr="552" mi="4" ci="0" mb="0" cb="0"/><line nr="554" mi="3" ci="0" mb="0" cb="0"/><line nr="556" mi="2" ci="0" mb="0" cb="0"/><line nr="565" mi="4" ci="0" mb="0" cb="0"/><line nr="567" mi="3" ci="0" mb="0" cb="0"/><line nr="568" mi="6" ci="0" mb="0" cb="0"/><line nr="569" mi="10" ci="0" mb="0" cb="0"/><line nr="571" mi="4" ci="0" mb="0" cb="0"/><line nr="573" mi="8" ci="0" mb="0" cb="0"/><line nr="575" mi="5" ci="0" mb="0" cb="0"/><line nr="576" mi="4" ci="0" mb="0" cb="0"/><line nr="578" mi="4" ci="0" mb="0" cb="0"/><line nr="580" mi="5" ci="0" mb="0" cb="0"/><line nr="590" mi="4" ci="0" mb="0" cb="0"/><line nr="592" mi="6" ci="0" mb="0" cb="0"/><line nr="593" mi="6" ci="0" mb="2" cb="0"/><line nr="595" mi="5" ci="0" mb="0" cb="0"/><line nr="596" mi="3" ci="0" mb="0" cb="0"/><line nr="597" mi="2" ci="0" mb="0" cb="0"/><line nr="598" mi="3" ci="0" mb="0" cb="0"/><line nr="604" mi="10" ci="0" mb="0" cb="0"/><line nr="613" mi="2" ci="0" mb="0" cb="0"/><line nr="615" mi="4" ci="0" mb="0" cb="0"/><line nr="616" mi="5" ci="0" mb="0" cb="0"/><line nr="618" mi="2" ci="0" mb="2" cb="0"/><line nr="622" mi="3" ci="0" mb="2" cb="0"/><line nr="624" mi="4" ci="0" mb="0" cb="0"/><line nr="625" mi="2" ci="0" mb="0" cb="0"/><line nr="626" mi="4" ci="0" mb="0" cb="0"/><line nr="627" mi="1" ci="0" mb="0" cb="0"/><line nr="630" mi="3" ci="0" mb="0" cb="0"/><line nr="633" mi="5" ci="0" mb="0" cb="0"/><line nr="636" mi="2" ci="0" mb="0" cb="0"/><line nr="637" mi="1" ci="0" mb="0" cb="0"/><line nr="645" mi="4" ci="0" mb="0" cb="0"/><line nr="647" mi="2" ci="0" mb="0" cb="0"/><line nr="648" mi="1" ci="0" mb="0" cb="0"/><line nr="658" mi="6" ci="0" mb="0" cb="0"/><line nr="659" mi="8" ci="0" mb="0" cb="0"/><line nr="661" mi="4" ci="0" mb="0" cb="0"/><line nr="663" mi="14" ci="0" mb="0" cb="0"/><line nr="665" mi="2" ci="0" mb="0" cb="0"/><line nr="666" mi="1" ci="0" mb="0" cb="0"/><line nr="673" mi="3" ci="0" mb="0" cb="0"/><line nr="674" mi="4" ci="0" mb="0" cb="0"/><line nr="675" mi="8" ci="0" mb="2" cb="0"/><line nr="677" mi="3" ci="0" mb="0" cb="0"/><line nr="678" mi="1" ci="0" mb="0" cb="0"/><line nr="685" mi="3" ci="0" mb="0" cb="0"/><line nr="686" mi="4" ci="0" mb="0" cb="0"/><line nr="687" mi="8" ci="0" mb="2" cb="0"/><line nr="689" mi="3" ci="0" mb="0" cb="0"/><line nr="690" mi="1" ci="0" mb="0" cb="0"/><counter type="INSTRUCTION" missed="733" covered="0"/><counter type="BRANCH" missed="12" covered="0"/><counter type="LINE" missed="204" covered="0"/><counter type="COMPLEXITY" missed="56" covered="0"/><counter type="METHOD" missed="50" covered="0"/><counter type="CLASS" missed="1" covered="0"/></sourcefile><counter type="INSTRUCTION" missed="733" covered="0"/><counter type="BRANCH" missed="12" covered="0"/><counter type="LINE" missed="204" covered="0"/><counter type="COMPLEXITY" missed="56" covered="0"/><counter type="METHOD" missed="50" covered="0"/><counter type="CLASS" missed="1" covered="0"/></package><package name="com/ee/common/log"><class name="com/ee/common/log/AdminActivityTest" sourcefilename="AdminActivityTest.java"><method name="&lt;init&gt;" desc="()V" line="18"><counter type="INSTRUCTION" missed="0" covered="3"/><counter type="LINE" missed="0" covered="1"/><counter type="COMPLEXITY" missed="0" covered="1"/><counter type="METHOD" missed="0" covered="1"/></method><method name="setupTest" desc="()V" line="32"><counter type="INSTRUCTION" missed="0" covered="108"/><counter type="LINE" missed="0" covered="18"/><counter type="COMPLEXITY" missed="0" covered="1"/><counter type="METHOD" missed="0" covered="1"/></method><method name="testAdminActivityHistoryPermissions" desc="()V" line="63"><counter type="INSTRUCTION" missed="3" covered="52"/><counter type="LINE" missed="2" covered="17"/><counter type="COMPLEXITY" missed="0" covered="1"/><counter type="METHOD" missed="0" covered="1"/></method><counter type="INSTRUCTION" missed="3" covered="163"/><counter type="LINE" missed="2" covered="36"/><counter type="COMPLEXITY" missed="0" covered="3"/><counter type="METHOD" missed="0" covered="3"/><counter type="CLASS" missed="0" covered="1"/></class><sourcefile name="AdminActivityTest.java"><line nr="18" mi="0" ci="3" mb="0" cb="0"/><line nr="32" mi="0" ci="5" mb="0" cb="0"/><line nr="34" mi="0" ci="5" mb="0" cb="0"/><line nr="35" mi="0" ci="4" mb="0" cb="0"/><line nr="37" mi="0" ci="5" mb="0" cb="0"/><line nr="38" mi="0" ci="4" mb="0" cb="0"/><line nr="40" mi="0" ci="5" mb="0" cb="0"/><line nr="41" mi="0" ci="9" mb="0" cb="0"/><line nr="42" mi="0" ci="9" mb="0" cb="0"/><line nr="44" mi="0" ci="5" mb="0" cb="0"/><line nr="45" mi="0" ci="9" mb="0" cb="0"/><line nr="46" mi="0" ci="9" mb="0" cb="0"/><line nr="48" mi="0" ci="5" mb="0" cb="0"/><line nr="49" mi="0" ci="9" mb="0" cb="0"/><line nr="50" mi="0" ci="9" mb="0" cb="0"/><line nr="52" mi="0" ci="5" mb="0" cb="0"/><line nr="53" mi="0" ci="3" mb="0" cb="0"/><line nr="54" mi="0" ci="7" mb="0" cb="0"/><line nr="55" mi="0" ci="1" mb="0" cb="0"/><line nr="63" mi="0" ci="6" mb="0" cb="0"/><line nr="64" mi="0" ci="2" mb="0" cb="0"/><line nr="65" mi="0" ci="2" mb="0" cb="0"/><line nr="68" mi="0" ci="6" mb="0" cb="0"/><line nr="69" mi="0" ci="2" mb="0" cb="0"/><line nr="70" mi="0" ci="2" mb="0" cb="0"/><line nr="73" mi="0" ci="6" mb="0" cb="0"/><line nr="74" mi="0" ci="2" mb="0" cb="0"/><line nr="75" mi="0" ci="2" mb="0" cb="0"/><line nr="78" mi="0" ci="6" mb="0" cb="0"/><line nr="79" mi="0" ci="2" mb="0" cb="0"/><line nr="80" mi="0" ci="2" mb="0" cb="0"/><line nr="83" mi="0" ci="6" mb="0" cb="0"/><line nr="84" mi="0" ci="2" mb="0" cb="0"/><line nr="85" mi="0" ci="2" mb="0" cb="0"/><line nr="86" mi="0" ci="1" mb="0" cb="0"/><line nr="87" mi="1" ci="0" mb="0" cb="0"/><line nr="90" mi="2" ci="0" mb="0" cb="0"/><line nr="92" mi="0" ci="1" mb="0" cb="0"/><counter type="INSTRUCTION" missed="3" covered="163"/><counter type="LINE" missed="2" covered="36"/><counter type="COMPLEXITY" missed="0" covered="3"/><counter type="METHOD" missed="0" covered="3"/><counter type="CLASS" missed="0" covered="1"/></sourcefile><counter type="INSTRUCTION" missed="3" covered="163"/><counter type="LINE" missed="2" covered="36"/><counter type="COMPLEXITY" missed="0" covered="3"/><counter type="METHOD" missed="0" covered="3"/><counter type="CLASS" missed="0" covered="1"/></package><package name="com/ee/junit/auth"><class name="com/ee/junit/auth/AuthorizationServiceTest" sourcefilename="AuthorizationServiceTest.java"><method name="&lt;init&gt;" desc="()V" line="27"><counter type="INSTRUCTION" missed="0" covered="3"/><counter type="LINE" missed="0" covered="1"/><counter type="COMPLEXITY" missed="0" covered="1"/><counter type="METHOD" missed="0" covered="1"/></method><method name="testAuthorizationCookieValuesNoCookie" desc="()V" line="39"><counter type="INSTRUCTION" missed="0" covered="8"/><counter type="LINE" missed="0" covered="4"/><counter type="COMPLEXITY" missed="0" covered="1"/><counter type="METHOD" missed="0" covered="1"/></method><method name="testAuthorizationCookieValuesNullCookieValue" desc="()V" line="49"><counter type="INSTRUCTION" missed="0" covered="23"/><counter type="LINE" missed="0" covered="6"/><counter type="COMPLEXITY" missed="0" covered="1"/><counter type="METHOD" missed="0" covered="1"/></method><method name="testAuthorizationCookieValuesEmptyStringCookieValue" desc="()V" line="62"><counter type="INSTRUCTION" missed="0" covered="23"/><counter type="LINE" missed="0" covered="6"/><counter type="COMPLEXITY" missed="0" covered="1"/><counter type="METHOD" missed="0" covered="1"/></method><method name="testAuthorizationCookieValuesInvalidCookieValue" desc="()V" line="75"><counter type="INSTRUCTION" missed="0" covered="23"/><counter type="LINE" missed="0" covered="6"/><counter type="COMPLEXITY" missed="0" covered="1"/><counter type="METHOD" missed="0" covered="1"/></method><method name="testAuthorizationCookieValuesInvalidMemberId" desc="()V" line="88"><counter type="INSTRUCTION" missed="0" covered="23"/><counter type="LINE" missed="0" covered="6"/><counter type="COMPLEXITY" missed="0" covered="1"/><counter type="METHOD" missed="0" covered="1"/></method><method name="testAuthorizationCookieValuesValid" desc="()V" line="101"><counter type="INSTRUCTION" missed="0" covered="23"/><counter type="LINE" missed="0" covered="6"/><counter type="COMPLEXITY" missed="0" covered="1"/><counter type="METHOD" missed="0" covered="1"/></method><method name="testAuthorizationInvalidMemberId" desc="()V" line="113"><counter type="INSTRUCTION" missed="0" covered="6"/><counter type="LINE" missed="0" covered="2"/><counter type="COMPLEXITY" missed="0" covered="1"/><counter type="METHOD" missed="0" covered="1"/></method><method name="testAuthorizationInvalidLoginHash" desc="()V" line="121"><counter type="INSTRUCTION" missed="0" covered="6"/><counter type="LINE" missed="0" covered="2"/><counter type="COMPLEXITY" missed="0" covered="1"/><counter type="METHOD" missed="0" covered="1"/></method><method name="testAuthorizationExpiredLoginHash" desc="()V" line="130"><counter type="INSTRUCTION" missed="0" covered="6"/><counter type="LINE" missed="0" covered="2"/><counter type="COMPLEXITY" missed="0" covered="1"/><counter type="METHOD" missed="0" covered="1"/></method><method name="testAuthorizationValid" desc="()V" line="140"><counter type="INSTRUCTION" missed="0" covered="9"/><counter type="LINE" missed="0" covered="4"/><counter type="COMPLEXITY" missed="0" covered="1"/><counter type="METHOD" missed="0" covered="1"/></method><method name="lambda$0" desc="()V" line="114"><counter type="INSTRUCTION" missed="2" covered="7"/><counter type="LINE" missed="0" covered="2"/><counter type="COMPLEXITY" missed="0" covered="1"/><counter type="METHOD" missed="0" covered="1"/></method><method name="lambda$1" desc="()V" line="122"><counter type="INSTRUCTION" missed="2" covered="7"/><counter type="LINE" missed="0" covered="2"/><counter type="COMPLEXITY" missed="0" covered="1"/><counter type="METHOD" missed="0" covered="1"/></method><method name="lambda$2" desc="()V" line="131"><counter type="INSTRUCTION" missed="2" covered="7"/><counter type="LINE" missed="0" covered="3"/><counter type="COMPLEXITY" missed="0" covered="1"/><counter type="METHOD" missed="0" covered="1"/></method><counter type="INSTRUCTION" missed="6" covered="174"/><counter type="LINE" missed="0" covered="52"/><counter type="COMPLEXITY" missed="0" covered="14"/><counter type="METHOD" missed="0" covered="14"/><counter type="CLASS" missed="0" covered="1"/></class><class name="com/ee/junit/auth/AuthorizationServiceConfig" sourcefilename="AuthorizationServiceConfig.java"><method name="&lt;clinit&gt;" desc="()V" line="23"><counter type="INSTRUCTION" missed="0" covered="5"/><counter type="LINE" missed="0" covered="2"/><counter type="COMPLEXITY" missed="0" covered="1"/><counter type="METHOD" missed="0" covered="1"/></method><method name="&lt;init&gt;" desc="()V" line="21"><counter type="INSTRUCTION" missed="0" covered="3"/><counter type="LINE" missed="0" covered="1"/><counter type="COMPLEXITY" missed="0" covered="1"/><counter type="METHOD" missed="0" covered="1"/></method><method name="authorizationService" desc="()Lcom/ee/auth/AuthorizationService;" line="30"><counter type="INSTRUCTION" missed="0" covered="6"/><counter type="LINE" missed="0" covered="1"/><counter type="COMPLEXITY" missed="0" covered="1"/><counter type="METHOD" missed="0" covered="1"/></method><method name="loginHashDataAccessObject" desc="()Lcom/ee/auth/LoginHashDataAccessObject;" line="37"><counter type="INSTRUCTION" missed="0" covered="36"/><counter type="LINE" missed="0" covered="10"/><counter type="COMPLEXITY" missed="0" covered="1"/><counter type="METHOD" missed="0" covered="1"/></method><method name="initializeExpiredLoginHash" desc="()Lcom/ee/common/dbObject/LoginHashCommon;" line="54"><counter type="INSTRUCTION" missed="0" covered="50"/><counter type="LINE" missed="0" covered="7"/><counter type="COMPLEXITY" missed="0" covered="1"/><counter type="METHOD" missed="0" covered="1"/></method><method name="initializeValidLoginHash" desc="()Lcom/ee/common/dbObject/LoginHashCommon;" line="67"><counter type="INSTRUCTION" missed="0" covered="50"/><counter type="LINE" missed="0" covered="7"/><counter type="COMPLEXITY" missed="0" covered="1"/><counter type="METHOD" missed="0" covered="1"/></method><counter type="INSTRUCTION" missed="0" covered="150"/><counter type="LINE" missed="0" covered="28"/><counter type="COMPLEXITY" missed="0" covered="6"/><counter type="METHOD" missed="0" covered="6"/><counter type="CLASS" missed="0" covered="1"/></class><sourcefile name="AuthorizationServiceConfig.java"><line nr="21" mi="0" ci="3" mb="0" cb="0"/><line nr="23" mi="0" ci="2" mb="0" cb="0"/><line nr="24" mi="0" ci="3" mb="0" cb="0"/><line nr="30" mi="0" ci="6" mb="0" cb="0"/><line nr="37" mi="0" ci="4" mb="0" cb="0"/><line nr="39" mi="0" ci="3" mb="0" cb="0"/><line nr="40" mi="0" ci="3" mb="0" cb="0"/><line nr="41" mi="0" ci="5" mb="0" cb="0"/><line nr="42" mi="0" ci="4" mb="0" cb="0"/><line nr="44" mi="0" ci="3" mb="0" cb="0"/><line nr="45" mi="0" ci="3" mb="0" cb="0"/><line nr="46" mi="0" ci="5" mb="0" cb="0"/><line nr="47" mi="0" ci="4" mb="0" cb="0"/><line nr="49" mi="0" ci="2" mb="0" cb="0"/><line nr="54" mi="0" ci="4" mb="0" cb="0"/><line nr="56" mi="0" ci="8" mb="0" cb="0"/><line nr="57" mi="0" ci="12" mb="0" cb="0"/><line nr="58" mi="0" ci="12" mb="0" cb="0"/><line nr="59" mi="0" ci="6" mb="0" cb="0"/><line nr="60" mi="0" ci="6" mb="0" cb="0"/><line nr="62" mi="0" ci="2" mb="0" cb="0"/><line nr="67" mi="0" ci="4" mb="0" cb="0"/><line nr="69" mi="0" ci="8" mb="0" cb="0"/><line nr="70" mi="0" ci="12" mb="0" cb="0"/><line nr="71" mi="0" ci="12" mb="0" cb="0"/><line nr="72" mi="0" ci="6" mb="0" cb="0"/><line nr="73" mi="0" ci="6" mb="0" cb="0"/><line nr="75" mi="0" ci="2" mb="0" cb="0"/><counter type="INSTRUCTION" missed="0" covered="150"/><counter type="LINE" missed="0" covered="28"/><counter type="COMPLEXITY" missed="0" covered="6"/><counter type="METHOD" missed="0" covered="6"/><counter type="CLASS" missed="0" covered="1"/></sourcefile><sourcefile name="AuthorizationServiceTest.java"><line nr="27" mi="0" ci="3" mb="0" cb="0"/><line nr="39" mi="0" ci="1" mb="0" cb="0"/><line nr="40" mi="0" ci="3" mb="0" cb="0"/><line nr="42" mi="0" ci="3" mb="0" cb="0"/><line nr="43" mi="0" ci="1" mb="0" cb="0"/><line nr="49" mi="0" ci="7" mb="0" cb="0"/><line nr="50" mi="0" ci="8" mb="0" cb="0"/><line nr="52" mi="0" ci="1" mb="0" cb="0"/><line nr="53" mi="0" ci="3" mb="0" cb="0"/><line nr="55" mi="0" ci="3" mb="0" cb="0"/><line nr="56" mi="0" ci="1" mb="0" cb="0"/><line nr="62" mi="0" ci="7" mb="0" cb="0"/><line nr="63" mi="0" ci="8" mb="0" cb="0"/><line nr="65" mi="0" ci="1" mb="0" cb="0"/><line nr="66" mi="0" ci="3" mb="0" cb="0"/><line nr="68" mi="0" ci="3" mb="0" cb="0"/><line nr="69" mi="0" ci="1" mb="0" cb="0"/><line nr="75" mi="0" ci="7" mb="0" cb="0"/><line nr="76" mi="0" ci="8" mb="0" cb="0"/><line nr="78" mi="0" ci="1" mb="0" cb="0"/><line nr="79" mi="0" ci="3" mb="0" cb="0"/><line nr="81" mi="0" ci="3" mb="0" cb="0"/><line nr="82" mi="0" ci="1" mb="0" cb="0"/><line nr="88" mi="0" ci="7" mb="0" cb="0"/><line nr="89" mi="0" ci="8" mb="0" cb="0"/><line nr="91" mi="0" ci="1" mb="0" cb="0"/><line nr="92" mi="0" ci="3" mb="0" cb="0"/><line nr="94" mi="0" ci="3" mb="0" cb="0"/><line nr="95" mi="0" ci="1" mb="0" cb="0"/><line nr="101" mi="0" ci="7" mb="0" cb="0"/><line nr="102" mi="0" ci="8" mb="0" cb="0"/><line nr="104" mi="0" ci="1" mb="0" cb="0"/><line nr="105" mi="0" ci="3" mb="0" cb="0"/><line nr="107" mi="0" ci="3" mb="0" cb="0"/><line nr="108" mi="0" ci="1" mb="0" cb="0"/><line nr="113" mi="0" ci="5" mb="0" cb="0"/><line nr="114" mi="1" ci="2" mb="0" cb="0"/><line nr="115" mi="1" ci="5" mb="0" cb="0"/><line nr="116" mi="0" ci="1" mb="0" cb="0"/><line nr="121" mi="0" ci="5" mb="0" cb="0"/><line nr="122" mi="1" ci="2" mb="0" cb="0"/><line nr="123" mi="1" ci="5" mb="0" cb="0"/><line nr="124" mi="0" ci="1" mb="0" cb="0"/><line nr="130" mi="0" ci="5" mb="0" cb="0"/><line nr="131" mi="1" ci="2" mb="0" cb="0"/><line nr="132" mi="0" ci="3" mb="0" cb="0"/><line nr="133" mi="1" ci="2" mb="0" cb="0"/><line nr="134" mi="0" ci="1" mb="0" cb="0"/><line nr="140" mi="0" ci="3" mb="0" cb="0"/><line nr="141" mi="0" ci="3" mb="0" cb="0"/><line nr="142" mi="0" ci="2" mb="0" cb="0"/><line nr="143" mi="0" ci="1" mb="0" cb="0"/><counter type="INSTRUCTION" missed="6" covered="174"/><counter type="LINE" missed="0" covered="52"/><counter type="COMPLEXITY" missed="0" covered="14"/><counter type="METHOD" missed="0" covered="14"/><counter type="CLASS" missed="0" covered="1"/></sourcefile><counter type="INSTRUCTION" missed="6" covered="324"/><counter type="LINE" missed="0" covered="80"/><counter type="COMPLEXITY" missed="0" covered="20"/><counter type="METHOD" missed="0" covered="20"/><counter type="CLASS" missed="0" covered="2"/></package><package name="com/ee/common/chat"><class name="com/ee/common/chat/ChatNextStateFlowTest" sourcefilename="ChatNextStateFlowTest.java"><method name="&lt;init&gt;" desc="()V" line="9"><counter type="INSTRUCTION" missed="0" covered="3"/><counter type="LINE" missed="0" covered="1"/><counter type="COMPLEXITY" missed="0" covered="1"/><counter type="METHOD" missed="0" covered="1"/></method><method name="testStateFlows" desc="()V" line="15"><counter type="INSTRUCTION" missed="3" covered="54"/><counter type="BRANCH" missed="0" covered="4"/><counter type="LINE" missed="2" covered="12"/><counter type="COMPLEXITY" missed="0" covered="3"/><counter type="METHOD" missed="0" covered="1"/></method><counter type="INSTRUCTION" missed="3" covered="57"/><counter type="BRANCH" missed="0" covered="4"/><counter type="LINE" missed="2" covered="13"/><counter type="COMPLEXITY" missed="0" covered="4"/><counter type="METHOD" missed="0" covered="2"/><counter type="CLASS" missed="0" covered="1"/></class><sourcefile name="ChatNextStateFlowTest.java"><line nr="9" mi="0" ci="3" mb="0" cb="0"/><line nr="15" mi="0" ci="4" mb="0" cb="0"/><line nr="16" mi="0" ci="2" mb="0" cb="0"/><line nr="17" mi="0" ci="2" mb="0" cb="0"/><line nr="19" mi="0" ci="11" mb="0" cb="2"/><line nr="21" mi="0" ci="3" mb="0" cb="0"/><line nr="22" mi="0" ci="2" mb="0" cb="0"/><line nr="24" mi="0" ci="11" mb="0" cb="2"/><line nr="28" mi="0" ci="4" mb="0" cb="0"/><line nr="29" mi="0" ci="1" mb="0" cb="0"/><line nr="30" mi="1" ci="0" mb="0" cb="0"/><line nr="32" mi="2" ci="0" mb="0" cb="0"/><line nr="37" mi="0" ci="10" mb="0" cb="0"/><line nr="38" mi="0" ci="3" mb="0" cb="0"/><line nr="39" mi="0" ci="1" mb="0" cb="0"/><counter type="INSTRUCTION" missed="3" covered="57"/><counter type="BRANCH" missed="0" covered="4"/><counter type="LINE" missed="2" covered="13"/><counter type="COMPLEXITY" missed="0" covered="4"/><counter type="METHOD" missed="0" covered="2"/><counter type="CLASS" missed="0" covered="1"/></sourcefile><counter type="INSTRUCTION" missed="3" covered="57"/><counter type="BRANCH" missed="0" covered="4"/><counter type="LINE" missed="2" covered="13"/><counter type="COMPLEXITY" missed="0" covered="4"/><counter type="METHOD" missed="0" covered="2"/><counter type="CLASS" missed="0" covered="1"/></package><package name="com/ee/common/util/math"><class name="com/ee/common/util/math/BigMoneyTest" sourcefilename="BigMoneyTest.java"><method name="&lt;init&gt;" desc="()V" line="18"><counter type="INSTRUCTION" missed="0" covered="3"/><counter type="LINE" missed="0" covered="1"/><counter type="COMPLEXITY" missed="0" covered="1"/><counter type="METHOD" missed="0" covered="1"/></method><method name="setUp" desc="()V" line="61"><counter type="INSTRUCTION" missed="0" covered="183"/><counter type="LINE" missed="0" covered="34"/><counter type="COMPLEXITY" missed="0" covered="1"/><counter type="METHOD" missed="0" covered="1"/></method><method name="valueOfMethodsAreEqual" desc="()V" line="107"><counter type="INSTRUCTION" missed="0" covered="381"/><counter type="LINE" missed="0" covered="39"/><counter type="COMPLEXITY" missed="0" covered="1"/><counter type="METHOD" missed="0" covered="1"/></method><method name="differentCurrenciesAreNotEqual" desc="()V" line="163"><counter type="INSTRUCTION" missed="0" covered="64"/><counter type="LINE" missed="0" covered="10"/><counter type="COMPLEXITY" missed="0" covered="1"/><counter type="METHOD" missed="0" covered="1"/></method><method name="canAddNonCurrenciesToCurrencies" desc="()V" line="179"><counter type="INSTRUCTION" missed="0" covered="63"/><counter type="LINE" missed="0" covered="9"/><counter type="COMPLEXITY" missed="0" covered="1"/><counter type="METHOD" missed="0" covered="1"/></method><method name="currencyPrecisionAndRounding" desc="()V" line="193"><counter type="INSTRUCTION" missed="0" covered="41"/><counter type="LINE" missed="0" covered="5"/><counter type="COMPLEXITY" missed="0" covered="1"/><counter type="METHOD" missed="0" covered="1"/></method><method name="exceptions" desc="()V" line="204"><counter type="INSTRUCTION" missed="71" covered="120"/><counter type="LINE" missed="7" covered="15"/><counter type="COMPLEXITY" missed="0" covered="1"/><counter type="METHOD" missed="0" covered="1"/></method><method name="addition" desc="()V" line="243"><counter type="INSTRUCTION" missed="0" covered="31"/><counter type="LINE" missed="0" covered="4"/><counter type="COMPLEXITY" missed="0" covered="1"/><counter type="METHOD" missed="0" covered="1"/></method><method name="subtraction" desc="()V" line="252"><counter type="INSTRUCTION" missed="0" covered="30"/><counter type="LINE" missed="0" covered="4"/><counter type="COMPLEXITY" missed="0" covered="1"/><counter type="METHOD" missed="0" covered="1"/></method><method name="multiplication" desc="()V" line="261"><counter type="INSTRUCTION" missed="0" covered="36"/><counter type="LINE" missed="0" covered="6"/><counter type="COMPLEXITY" missed="0" covered="1"/><counter type="METHOD" missed="0" covered="1"/></method><method name="division" desc="()V" line="272"><counter type="INSTRUCTION" missed="0" covered="51"/><counter type="LINE" missed="0" covered="8"/><counter type="COMPLEXITY" missed="0" covered="1"/><counter type="METHOD" missed="0" covered="1"/></method><method name="tearDown" desc="()V" line="285"><counter type="INSTRUCTION" missed="0" covered="1"/><counter type="LINE" missed="0" covered="1"/><counter type="COMPLEXITY" missed="0" covered="1"/><counter type="METHOD" missed="0" covered="1"/></method><counter type="INSTRUCTION" missed="71" covered="1004"/><counter type="LINE" missed="7" covered="136"/><counter type="COMPLEXITY" missed="0" covered="12"/><counter type="METHOD" missed="0" covered="12"/><counter type="CLASS" missed="0" covered="1"/></class><sourcefile name="BigMoneyTest.java"><line nr="18" mi="0" ci="3" mb="0" cb="0"/><line nr="61" mi="0" ci="3" mb="0" cb="0"/><line nr="62" mi="0" ci="3" mb="0" cb="0"/><line nr="65" mi="0" ci="3" mb="0" cb="0"/><line nr="66" mi="0" ci="6" mb="0" cb="0"/><line nr="67" mi="0" ci="6" mb="0" cb="0"/><line nr="70" mi="0" ci="3" mb="0" cb="0"/><line nr="71" mi="0" ci="6" mb="0" cb="0"/><line nr="72" mi="0" ci="6" mb="0" cb="0"/><line nr="73" mi="0" ci="8" mb="0" cb="0"/><line nr="74" mi="0" ci="12" mb="0" cb="0"/><line nr="75" mi="0" ci="24" mb="0" cb="0"/><line nr="76" mi="0" ci="3" mb="0" cb="0"/><line nr="77" mi="0" ci="3" mb="0" cb="0"/><line nr="78" mi="0" ci="3" mb="0" cb="0"/><line nr="79" mi="0" ci="3" mb="0" cb="0"/><line nr="80" mi="0" ci="3" mb="0" cb="0"/><line nr="81" mi="0" ci="3" mb="0" cb="0"/><line nr="82" mi="0" ci="3" mb="0" cb="0"/><line nr="83" mi="0" ci="3" mb="0" cb="0"/><line nr="84" mi="0" ci="3" mb="0" cb="0"/><line nr="85" mi="0" ci="3" mb="0" cb="0"/><line nr="86" mi="0" ci="3" mb="0" cb="0"/><line nr="87" mi="0" ci="3" mb="0" cb="0"/><line nr="88" mi="0" ci="3" mb="0" cb="0"/><line nr="90" mi="0" ci="7" mb="0" cb="0"/><line nr="91" mi="0" ci="7" mb="0" cb="0"/><line nr="92" mi="0" ci="7" mb="0" cb="0"/><line nr="94" mi="0" ci="7" mb="0" cb="0"/><line nr="95" mi="0" ci="7" mb="0" cb="0"/><line nr="96" mi="0" ci="7" mb="0" cb="0"/><line nr="98" mi="0" ci="7" mb="0" cb="0"/><line nr="99" mi="0" ci="7" mb="0" cb="0"/><line nr="100" mi="0" ci="7" mb="0" cb="0"/><line nr="101" mi="0" ci="1" mb="0" cb="0"/><line nr="107" mi="0" ci="10" mb="0" cb="0"/><line nr="108" mi="0" ci="10" mb="0" cb="0"/><line nr="109" mi="0" ci="10" mb="0" cb="0"/><line nr="111" mi="0" ci="10" mb="0" cb="0"/><line nr="112" mi="0" ci="10" mb="0" cb="0"/><line nr="113" mi="0" ci="10" mb="0" cb="0"/><line nr="115" mi="0" ci="10" mb="0" cb="0"/><line nr="116" mi="0" ci="10" mb="0" cb="0"/><line nr="117" mi="0" ci="10" mb="0" cb="0"/><line nr="119" mi="0" ci="10" mb="0" cb="0"/><line nr="120" mi="0" ci="10" mb="0" cb="0"/><line nr="121" mi="0" ci="10" mb="0" cb="0"/><line nr="123" mi="0" ci="10" mb="0" cb="0"/><line nr="124" mi="0" ci="10" mb="0" cb="0"/><line nr="125" mi="0" ci="10" mb="0" cb="0"/><line nr="127" mi="0" ci="10" mb="0" cb="0"/><line nr="128" mi="0" ci="10" mb="0" cb="0"/><line nr="129" mi="0" ci="10" mb="0" cb="0"/><line nr="131" mi="0" ci="10" mb="0" cb="0"/><line nr="132" mi="0" ci="10" mb="0" cb="0"/><line nr="133" mi="0" ci="10" mb="0" cb="0"/><line nr="135" mi="0" ci="10" mb="0" cb="0"/><line nr="136" mi="0" ci="10" mb="0" cb="0"/><line nr="137" mi="0" ci="10" mb="0" cb="0"/><line nr="139" mi="0" ci="10" mb="0" cb="0"/><line nr="140" mi="0" ci="10" mb="0" cb="0"/><line nr="142" mi="0" ci="10" mb="0" cb="0"/><line nr="143" mi="0" ci="10" mb="0" cb="0"/><line nr="145" mi="0" ci="10" mb="0" cb="0"/><line nr="146" mi="0" ci="10" mb="0" cb="0"/><line nr="148" mi="0" ci="10" mb="0" cb="0"/><line nr="149" mi="0" ci="10" mb="0" cb="0"/><line nr="151" mi="0" ci="10" mb="0" cb="0"/><line nr="152" mi="0" ci="10" mb="0" cb="0"/><line nr="153" mi="0" ci="10" mb="0" cb="0"/><line nr="155" mi="0" ci="10" mb="0" cb="0"/><line nr="156" mi="0" ci="10" mb="0" cb="0"/><line nr="157" mi="0" ci="10" mb="0" cb="0"/><line nr="158" mi="0" ci="1" mb="0" cb="0"/><line nr="163" mi="0" ci="7" mb="0" cb="0"/><line nr="164" mi="0" ci="7" mb="0" cb="0"/><line nr="165" mi="0" ci="7" mb="0" cb="0"/><line nr="167" mi="0" ci="7" mb="0" cb="0"/><line nr="168" mi="0" ci="7" mb="0" cb="0"/><line nr="169" mi="0" ci="7" mb="0" cb="0"/><line nr="171" mi="0" ci="7" mb="0" cb="0"/><line nr="172" mi="0" ci="7" mb="0" cb="0"/><line nr="173" mi="0" ci="7" mb="0" cb="0"/><line nr="174" mi="0" ci="1" mb="0" cb="0"/><line nr="179" mi="0" ci="6" mb="0" cb="0"/><line nr="180" mi="0" ci="6" mb="0" cb="0"/><line nr="181" mi="0" ci="6" mb="0" cb="0"/><line nr="182" mi="0" ci="6" mb="0" cb="0"/><line nr="184" mi="0" ci="7" mb="0" cb="0"/><line nr="185" mi="0" ci="10" mb="0" cb="0"/><line nr="186" mi="0" ci="14" mb="0" cb="0"/><line nr="187" mi="0" ci="7" mb="0" cb="0"/><line nr="188" mi="0" ci="1" mb="0" cb="0"/><line nr="193" mi="0" ci="7" mb="0" cb="0"/><line nr="195" mi="0" ci="11" mb="0" cb="0"/><line nr="196" mi="0" ci="11" mb="0" cb="0"/><line nr="197" mi="0" ci="11" mb="0" cb="0"/><line nr="198" mi="0" ci="1" mb="0" cb="0"/><line nr="204" mi="0" ci="2" mb="0" cb="0"/><line nr="205" mi="10" ci="0" mb="0" cb="0"/><line nr="206" mi="0" ci="15" mb="0" cb="0"/><line nr="209" mi="0" ci="2" mb="0" cb="0"/><line nr="210" mi="10" ci="0" mb="0" cb="0"/><line nr="211" mi="0" ci="15" mb="0" cb="0"/><line nr="214" mi="0" ci="2" mb="0" cb="0"/><line nr="215" mi="10" ci="0" mb="0" cb="0"/><line nr="216" mi="0" ci="15" mb="0" cb="0"/><line nr="219" mi="0" ci="2" mb="0" cb="0"/><line nr="220" mi="10" ci="0" mb="0" cb="0"/><line nr="221" mi="0" ci="15" mb="0" cb="0"/><line nr="224" mi="0" ci="2" mb="0" cb="0"/><line nr="225" mi="10" ci="0" mb="0" cb="0"/><line nr="226" mi="0" ci="15" mb="0" cb="0"/><line nr="229" mi="0" ci="2" mb="0" cb="0"/><line nr="230" mi="10" ci="0" mb="0" cb="0"/><line nr="231" mi="0" ci="15" mb="0" cb="0"/><line nr="234" mi="0" ci="2" mb="0" cb="0"/><line nr="235" mi="11" ci="0" mb="0" cb="0"/><line nr="236" mi="0" ci="15" mb="0" cb="0"/><line nr="238" mi="0" ci="1" mb="0" cb="0"/><line nr="243" mi="0" ci="6" mb="0" cb="0"/><line nr="245" mi="0" ci="12" mb="0" cb="0"/><line nr="246" mi="0" ci="12" mb="0" cb="0"/><line nr="247" mi="0" ci="1" mb="0" cb="0"/><line nr="252" mi="0" ci="6" mb="0" cb="0"/><line nr="254" mi="0" ci="12" mb="0" cb="0"/><line nr="255" mi="0" ci="11" mb="0" cb="0"/><line nr="256" mi="0" ci="1" mb="0" cb="0"/><line nr="261" mi="0" ci="6" mb="0" cb="0"/><line nr="262" mi="0" ci="6" mb="0" cb="0"/><line nr="263" mi="0" ci="6" mb="0" cb="0"/><line nr="265" mi="0" ci="9" mb="0" cb="0"/><line nr="266" mi="0" ci="8" mb="0" cb="0"/><line nr="267" mi="0" ci="1" mb="0" cb="0"/><line nr="272" mi="0" ci="6" mb="0" cb="0"/><line nr="273" mi="0" ci="6" mb="0" cb="0"/><line nr="274" mi="0" ci="6" mb="0" cb="0"/><line nr="275" mi="0" ci="6" mb="0" cb="0"/><line nr="277" mi="0" ci="9" mb="0" cb="0"/><line nr="278" mi="0" ci="8" mb="0" cb="0"/><line nr="279" mi="0" ci="9" mb="0" cb="0"/><line nr="280" mi="0" ci="1" mb="0" cb="0"/><line nr="285" mi="0" ci="1" mb="0" cb="0"/><counter type="INSTRUCTION" missed="71" covered="1004"/><counter type="LINE" missed="7" covered="136"/><counter type="COMPLEXITY" missed="0" covered="12"/><counter type="METHOD" missed="0" covered="12"/><counter type="CLASS" missed="0" covered="1"/></sourcefile><counter type="INSTRUCTION" missed="71" covered="1004"/><counter type="LINE" missed="7" covered="136"/><counter type="COMPLEXITY" missed="0" covered="12"/><counter type="METHOD" missed="0" covered="12"/><counter type="CLASS" missed="0" covered="1"/></package><package name="com/ee/junit/cookie"><class name="com/ee/junit/cookie/CookieServiceConfig" sourcefilename="CookieServiceConfig.java"><method name="&lt;init&gt;" desc="()V" line="11"><counter type="INSTRUCTION" missed="0" covered="3"/><counter type="LINE" missed="0" covered="1"/><counter type="COMPLEXITY" missed="0" covered="1"/><counter type="METHOD" missed="0" covered="1"/></method><method name="cookieDataAccessObject" desc="()Lcom/ee/cookie/CookieDataAccessObject;" line="16"><counter type="INSTRUCTION" missed="0" covered="4"/><counter type="LINE" missed="0" covered="1"/><counter type="COMPLEXITY" missed="0" covered="1"/><counter type="METHOD" missed="0" covered="1"/></method><counter type="INSTRUCTION" missed="0" covered="7"/><counter type="LINE" missed="0" covered="2"/><counter type="COMPLEXITY" missed="0" covered="2"/><counter type="METHOD" missed="0" covered="2"/><counter type="CLASS" missed="0" covered="1"/></class><sourcefile name="CookieServiceConfig.java"><line nr="11" mi="0" ci="3" mb="0" cb="0"/><line nr="16" mi="0" ci="4" mb="0" cb="0"/><counter type="INSTRUCTION" missed="0" covered="7"/><counter type="LINE" missed="0" covered="2"/><counter type="COMPLEXITY" missed="0" covered="2"/><counter type="METHOD" missed="0" covered="2"/><counter type="CLASS" missed="0" covered="1"/></sourcefile><counter type="INSTRUCTION" missed="0" covered="7"/><counter type="LINE" missed="0" covered="2"/><counter type="COMPLEXITY" missed="0" covered="2"/><counter type="METHOD" missed="0" covered="2"/><counter type="CLASS" missed="0" covered="1"/></package><package name="com/ee/junit/userGroup"><class name="com/ee/junit/userGroup/UserGroupMemberServiceConfig" sourcefilename="UserGroupMemberServiceConfig.java"><method name="&lt;init&gt;" desc="()V" line="9"><counter type="INSTRUCTION" missed="0" covered="3"/><counter type="LINE" missed="0" covered="1"/><counter type="COMPLEXITY" missed="0" covered="1"/><counter type="METHOD" missed="0" covered="1"/></method><method name="getUserGroupMemberService" desc="()Lcom/ee/common/member/UserGroupMemberService;" line="14"><counter type="INSTRUCTION" missed="0" covered="4"/><counter type="LINE" missed="0" covered="1"/><counter type="COMPLEXITY" missed="0" covered="1"/><counter type="METHOD" missed="0" covered="1"/></method><counter type="INSTRUCTION" missed="0" covered="7"/><counter type="LINE" missed="0" covered="2"/><counter type="COMPLEXITY" missed="0" covered="2"/><counter type="METHOD" missed="0" covered="2"/><counter type="CLASS" missed="0" covered="1"/></class><class name="com/ee/junit/userGroup/UserGroupMemberRelationServiceTestConfig" sourcefilename="UserGroupMemberRelationServiceTestConfig.java"><method name="&lt;init&gt;" desc="()V" line="23"><counter type="INSTRUCTION" missed="0" covered="3"/><counter type="LINE" missed="0" covered="1"/><counter type="COMPLEXITY" missed="0" covered="1"/><counter type="METHOD" missed="0" covered="1"/></method><method name="getMemberService" desc="()Lcom/ee/member/MemberService;" line="39"><counter type="INSTRUCTION" missed="0" covered="25"/><counter type="LINE" missed="0" covered="5"/><counter type="COMPLEXITY" missed="0" covered="1"/><counter type="METHOD" missed="0" covered="1"/></method><method name="getMemberCmsSiteAccessDataAccessObject" desc="()Lcom/ee/member/MemberCmsSiteAccessDataAccessObject;" line="51"><counter type="INSTRUCTION" missed="0" covered="4"/><counter type="LINE" missed="0" covered="1"/><counter type="COMPLEXITY" missed="0" covered="1"/><counter type="METHOD" missed="0" covered="1"/></method><method name="getMemberDataAccessObject" desc="()Lcom/ee/member/MemberDataAccessObject;" line="57"><counter type="INSTRUCTION" missed="0" covered="4"/><counter type="LINE" missed="0" covered="1"/><counter type="COMPLEXITY" missed="0" covered="1"/><counter type="METHOD" missed="0" covered="1"/></method><method name="getAuthorizationService" desc="()Lcom/ee/auth/AuthorizationService;" line="63"><counter type="INSTRUCTION" missed="0" covered="4"/><counter type="LINE" missed="0" covered="1"/><counter type="COMPLEXITY" missed="0" covered="1"/><counter type="METHOD" missed="0" covered="1"/></method><method name="getCookieDataAccessObject" desc="()Lcom/ee/cookie/CookieDataAccessObject;" line="69"><counter type="INSTRUCTION" missed="0" covered="4"/><counter type="LINE" missed="0" covered="1"/><counter type="COMPLEXITY" missed="0" covered="1"/><counter type="METHOD" missed="0" covered="1"/></method><method name="getLoginHashDataAccessObject" desc="()Lcom/ee/auth/LoginHashDataAccessObject;" line="74"><counter type="INSTRUCTION" missed="0" covered="4"/><counter type="LINE" missed="0" covered="1"/><counter type="COMPLEXITY" missed="0" covered="1"/><counter type="METHOD" missed="0" covered="1"/></method><method name="getUserGroupDataAccessObject" desc="()Lcom/ee/common/member/groups/UserGroupDataAccessObject;" line="81"><counter type="INSTRUCTION" missed="0" covered="47"/><counter type="LINE" missed="0" covered="9"/><counter type="COMPLEXITY" missed="0" covered="1"/><counter type="METHOD" missed="0" covered="1"/></method><method name="memberUserGroupRelationDataAccessObject" desc="()Lcom/ee/common/member/groups/MemberUserGroupRelationDataAccessObject;" line="98"><counter type="INSTRUCTION" missed="0" covered="115"/><counter type="LINE" missed="0" covered="28"/><counter type="COMPLEXITY" missed="0" covered="1"/><counter type="METHOD" missed="0" covered="1"/></method><method name="createRelation" desc="(ILcom/ee/common/dbBase/MemberUserGroupRelationType;Lcom/ee/common/member/groups/MemberUserGroupRelationDataAccessObject;)Lcom/ee/common/member/groups/MemberUserGroupRelationWrite;" line="149"><counter type="INSTRUCTION" missed="0" covered="28"/><counter type="LINE" missed="0" covered="8"/><counter type="COMPLEXITY" missed="0" covered="1"/><counter type="METHOD" missed="0" covered="1"/></method><method name="mockForGroupRelation" desc="(Lcom/ee/common/member/groups/MemberUserGroupRelationDataAccessObject;)V" line="164"><counter type="INSTRUCTION" missed="0" covered="104"/><counter type="LINE" missed="0" covered="25"/><counter type="COMPLEXITY" missed="0" covered="1"/><counter type="METHOD" missed="0" covered="1"/></method><counter type="INSTRUCTION" missed="0" covered="342"/><counter type="LINE" missed="0" covered="81"/><counter type="COMPLEXITY" missed="0" covered="11"/><counter type="METHOD" missed="0" covered="11"/><counter type="CLASS" missed="0" covered="1"/></class><class name="com/ee/junit/userGroup/UserGroupMemberRelationServiceConfig" sourcefilename="UserGroupMemberRelationServiceConfig.java"><method name="&lt;init&gt;" desc="()V" line="9"><counter type="INSTRUCTION" missed="0" covered="3"/><counter type="LINE" missed="0" covered="1"/><counter type="COMPLEXITY" missed="0" covered="1"/><counter type="METHOD" missed="0" covered="1"/></method><method name="getUserGroupMemberRelationService" desc="()Lcom/ee/api/rest/userGroup/UserGroupMemberRelationService;" line="14"><counter type="INSTRUCTION" missed="0" covered="4"/><counter type="LINE" missed="0" covered="1"/><counter type="COMPLEXITY" missed="0" covered="1"/><counter type="METHOD" missed="0" covered="1"/></method><counter type="INSTRUCTION" missed="0" covered="7"/><counter type="LINE" missed="0" covered="2"/><counter type="COMPLEXITY" missed="0" covered="2"/><counter type="METHOD" missed="0" covered="2"/><counter type="CLASS" missed="0" covered="1"/></class><class name="com/ee/junit/userGroup/UserGroupUtilServiceConfig" sourcefilename="UserGroupUtilServiceConfig.java"><method name="&lt;init&gt;" desc="()V" line="12"><counter type="INSTRUCTION" missed="0" covered="3"/><counter type="LINE" missed="0" covered="1"/><counter type="COMPLEXITY" missed="0" covered="1"/><counter type="METHOD" missed="0" covered="1"/></method><method name="getUserGroupUtilService" desc="()Lcom/ee/common/member/groups/UserGroupUtilService;" line="17"><counter type="INSTRUCTION" missed="0" covered="4"/><counter type="LINE" missed="0" covered="1"/><counter type="COMPLEXITY" missed="0" covered="1"/><counter type="METHOD" missed="0" covered="1"/></method><method name="sqsQueueControllable" desc="()Lcom/ee/common/aws/sqs/SqsQueueControllable;" line="23"><counter type="INSTRUCTION" missed="0" covered="4"/><counter type="LINE" missed="0" covered="1"/><counter type="COMPLEXITY" missed="0" covered="1"/><counter type="METHOD" missed="0" covered="1"/></method><counter type="INSTRUCTION" missed="0" covered="11"/><counter type="LINE" missed="0" covered="3"/><counter type="COMPLEXITY" missed="0" covered="3"/><counter type="METHOD" missed="0" covered="3"/><counter type="CLASS" missed="0" covered="1"/></class><class name="com/ee/junit/userGroup/UserGroupMemberRelationServiceTest" sourcefilename="UserGroupMemberRelationServiceTest.java"><method name="&lt;init&gt;" desc="()V" line="30"><counter type="INSTRUCTION" missed="0" covered="3"/><counter type="LINE" missed="0" covered="1"/><counter type="COMPLEXITY" missed="0" covered="1"/><counter type="METHOD" missed="0" covered="1"/></method><method name="testUserGroupMemberRelationServiceForMember" desc="()V" line="47"><counter type="INSTRUCTION" missed="0" covered="28"/><counter type="LINE" missed="0" covered="10"/><counter type="COMPLEXITY" missed="0" covered="1"/><counter type="METHOD" missed="0" covered="1"/></method><method name="testUserGroupMemberRelationServiceForGroup" desc="()V" line="64"><counter type="INSTRUCTION" missed="0" covered="60"/><counter type="LINE" missed="0" covered="36"/><counter type="COMPLEXITY" missed="0" covered="1"/><counter type="METHOD" missed="0" covered="1"/></method><method name="testUserGroupMemberRelationServiceForPermissions" desc="()V" line="122"><counter type="INSTRUCTION" missed="0" covered="19"/><counter type="LINE" missed="0" covered="7"/><counter type="COMPLEXITY" missed="0" covered="1"/><counter type="METHOD" missed="0" covered="1"/></method><method name="testGroupAccessObject" desc="()V" line="134"><counter type="INSTRUCTION" missed="0" covered="23"/><counter type="LINE" missed="0" covered="7"/><counter type="COMPLEXITY" missed="0" covered="1"/><counter type="METHOD" missed="0" covered="1"/></method><method name="testJoinRelationExists" desc="()V" line="146"><counter type="INSTRUCTION" missed="0" covered="4"/><counter type="LINE" missed="0" covered="2"/><counter type="COMPLEXITY" missed="0" covered="1"/><counter type="METHOD" missed="0" covered="1"/></method><method name="testJoinRelationDoesNotExist" desc="()V" line="152"><counter type="INSTRUCTION" missed="0" covered="4"/><counter type="LINE" missed="0" covered="2"/><counter type="COMPLEXITY" missed="0" covered="1"/><counter type="METHOD" missed="0" covered="1"/></method><method name="testLeaveNonOwner" desc="()V" line="158"><counter type="INSTRUCTION" missed="0" covered="5"/><counter type="LINE" missed="0" covered="2"/><counter type="COMPLEXITY" missed="0" covered="1"/><counter type="METHOD" missed="0" covered="1"/></method><method name="testLeaveOwner" desc="()V" line="164"><counter type="INSTRUCTION" missed="0" covered="5"/><counter type="LINE" missed="0" covered="2"/><counter type="COMPLEXITY" missed="0" covered="1"/><counter type="METHOD" missed="0" covered="1"/></method><method name="testLeaveRandom" desc="()V" line="170"><counter type="INSTRUCTION" missed="0" covered="5"/><counter type="LINE" missed="0" covered="2"/><counter type="COMPLEXITY" missed="0" covered="1"/><counter type="METHOD" missed="0" covered="1"/></method><method name="testGroupMembership" desc="()V" line="176"><counter type="INSTRUCTION" missed="0" covered="15"/><counter type="LINE" missed="0" covered="7"/><counter type="COMPLEXITY" missed="0" covered="1"/><counter type="METHOD" missed="0" covered="1"/></method><method name="testInvitationMember" desc="()V" line="188"><counter type="INSTRUCTION" missed="0" covered="6"/><counter type="LINE" missed="0" covered="2"/><counter type="COMPLEXITY" missed="0" covered="1"/><counter type="METHOD" missed="0" covered="1"/></method><method name="testInvitationInvited" desc="()V" line="194"><counter type="INSTRUCTION" missed="0" covered="6"/><counter type="LINE" missed="0" covered="2"/><counter type="COMPLEXITY" missed="0" covered="1"/><counter type="METHOD" missed="0" covered="1"/></method><method name="testInvitationNoRelation" desc="()V" line="200"><counter type="INSTRUCTION" missed="0" covered="6"/><counter type="LINE" missed="0" covered="2"/><counter type="COMPLEXITY" missed="0" covered="1"/><counter type="METHOD" missed="0" covered="1"/></method><method name="testInvitationRequested" desc="()V" line="206"><counter type="INSTRUCTION" missed="0" covered="6"/><counter type="LINE" missed="0" covered="2"/><counter type="COMPLEXITY" missed="0" covered="1"/><counter type="METHOD" missed="0" covered="1"/></method><method name="reset" desc="()V" line="212"><counter type="INSTRUCTION" missed="0" covered="4"/><counter type="LINE" missed="0" covered="2"/><counter type="COMPLEXITY" missed="0" covered="1"/><counter type="METHOD" missed="0" covered="1"/></method><method name="testJoinAction" desc="(I)V" line="218"><counter type="INSTRUCTION" missed="4" covered="85"/><counter type="BRANCH" missed="2" covered="4"/><counter type="LINE" missed="1" covered="19"/><counter type="COMPLEXITY" missed="2" covered="2"/><counter type="METHOD" missed="0" covered="1"/></method><method name="testLeaveAction" desc="(II)V" line="251"><counter type="INSTRUCTION" missed="3" covered="71"/><counter type="BRANCH" missed="1" covered="3"/><counter type="LINE" missed="1" covered="17"/><counter type="COMPLEXITY" missed="1" covered="2"/><counter type="METHOD" missed="0" covered="1"/></method><method name="testInviteAction" desc="(IILcom/ee/common/dbBase/MemberUserGroupRelationType;)V" line="283"><counter type="INSTRUCTION" missed="3" covered="71"/><counter type="BRANCH" missed="1" covered="3"/><counter type="LINE" missed="1" covered="17"/><counter type="COMPLEXITY" missed="1" covered="2"/><counter type="METHOD" missed="0" covered="1"/></method><counter type="INSTRUCTION" missed="10" covered="426"/><counter type="BRANCH" missed="4" covered="10"/><counter type="LINE" missed="3" covered="141"/><counter type="COMPLEXITY" missed="4" covered="22"/><counter type="METHOD" missed="0" covered="19"/><counter type="CLASS" missed="0" covered="1"/></class><sourcefile name="UserGroupUtilServiceConfig.java"><line nr="12" mi="0" ci="3" mb="0" cb="0"/><line nr="17" mi="0" ci="4" mb="0" cb="0"/><line nr="23" mi="0" ci="4" mb="0" cb="0"/><counter type="INSTRUCTION" missed="0" covered="11"/><counter type="LINE" missed="0" covered="3"/><counter type="COMPLEXITY" missed="0" covered="3"/><counter type="METHOD" missed="0" covered="3"/><counter type="CLASS" missed="0" covered="1"/></sourcefile><sourcefile name="UserGroupMemberRelationServiceTest.java"><line nr="30" mi="0" ci="3" mb="0" cb="0"/><line nr="47" mi="0" ci="2" mb="0" cb="0"/><line nr="48" mi="0" ci="3" mb="0" cb="0"/><line nr="49" mi="0" ci="4" mb="0" cb="0"/><line nr="51" mi="0" ci="2" mb="0" cb="0"/><line nr="52" mi="0" ci="3" mb="0" cb="0"/><line nr="53" mi="0" ci="4" mb="0" cb="0"/><line nr="55" mi="0" ci="2" mb="0" cb="0"/><line nr="56" mi="0" ci="3" mb="0" cb="0"/><line nr="57" mi="0" ci="4" mb="0" cb="0"/><line nr="58" mi="0" ci="1" mb="0" cb="0"/><line nr="64" mi="0" ci="1" mb="0" cb="0"/><line nr="65" mi="0" ci="3" mb="0" cb="0"/><line nr="66" mi="0" ci="1" mb="0" cb="0"/><line nr="67" mi="0" ci="1" mb="0" cb="0"/><line nr="68" mi="0" ci="1" mb="0" cb="0"/><line nr="69" mi="0" ci="1" mb="0" cb="0"/><line nr="71" mi="0" ci="4" mb="0" cb="0"/><line nr="75" mi="0" ci="1" mb="0" cb="0"/><line nr="76" mi="0" ci="3" mb="0" cb="0"/><line nr="77" mi="0" ci="1" mb="0" cb="0"/><line nr="78" mi="0" ci="1" mb="0" cb="0"/><line nr="79" mi="0" ci="1" mb="0" cb="0"/><line nr="80" mi="0" ci="1" mb="0" cb="0"/><line nr="82" mi="0" ci="3" mb="0" cb="0"/><line nr="86" mi="0" ci="1" mb="0" cb="0"/><line nr="87" mi="0" ci="3" mb="0" cb="0"/><line nr="88" mi="0" ci="1" mb="0" cb="0"/><line nr="89" mi="0" ci="1" mb="0" cb="0"/><line nr="90" mi="0" ci="1" mb="0" cb="0"/><line nr="91" mi="0" ci="1" mb="0" cb="0"/><line nr="93" mi="0" ci="4" mb="0" cb="0"/><line nr="97" mi="0" ci="1" mb="0" cb="0"/><line nr="98" mi="0" ci="3" mb="0" cb="0"/><line nr="99" mi="0" ci="1" mb="0" cb="0"/><line nr="100" mi="0" ci="1" mb="0" cb="0"/><line nr="101" mi="0" ci="1" mb="0" cb="0"/><line nr="102" mi="0" ci="1" mb="0" cb="0"/><line nr="104" mi="0" ci="4" mb="0" cb="0"/><line nr="108" mi="0" ci="1" mb="0" cb="0"/><line nr="109" mi="0" ci="3" mb="0" cb="0"/><line nr="110" mi="0" ci="1" mb="0" cb="0"/><line nr="111" mi="0" ci="1" mb="0" cb="0"/><line nr="112" mi="0" ci="1" mb="0" cb="0"/><line nr="113" mi="0" ci="1" mb="0" cb="0"/><line nr="115" mi="0" ci="4" mb="0" cb="0"/><line nr="117" mi="0" ci="1" mb="0" cb="0"/><line nr="122" mi="0" ci="2" mb="0" cb="0"/><line nr="123" mi="0" ci="3" mb="0" cb="0"/><line nr="124" mi="0" ci="4" mb="0" cb="0"/><line nr="126" mi="0" ci="2" mb="0" cb="0"/><line nr="127" mi="0" ci="3" mb="0" cb="0"/><line nr="128" mi="0" ci="4" mb="0" cb="0"/><line nr="129" mi="0" ci="1" mb="0" cb="0"/><line nr="134" mi="0" ci="1" mb="0" cb="0"/><line nr="135" mi="0" ci="3" mb="0" cb="0"/><line nr="136" mi="0" ci="6" mb="0" cb="0"/><line nr="138" mi="0" ci="4" mb="0" cb="0"/><line nr="139" mi="0" ci="4" mb="0" cb="0"/><line nr="140" mi="0" ci="4" mb="0" cb="0"/><line nr="141" mi="0" ci="1" mb="0" cb="0"/><line nr="146" mi="0" ci="3" mb="0" cb="0"/><line nr="147" mi="0" ci="1" mb="0" cb="0"/><line nr="152" mi="0" ci="3" mb="0" cb="0"/><line nr="153" mi="0" ci="1" mb="0" cb="0"/><line nr="158" mi="0" ci="4" mb="0" cb="0"/><line nr="159" mi="0" ci="1" mb="0" cb="0"/><line nr="164" mi="0" ci="4" mb="0" cb="0"/><line nr="165" mi="0" ci="1" mb="0" cb="0"/><line nr="170" mi="0" ci="4" mb="0" cb="0"/><line nr="171" mi="0" ci="1" mb="0" cb="0"/><line nr="176" mi="0" ci="1" mb="0" cb="0"/><line nr="177" mi="0" ci="5" mb="0" cb="0"/><line nr="178" mi="0" ci="1" mb="0" cb="0"/><line nr="180" mi="0" ci="1" mb="0" cb="0"/><line nr="181" mi="0" ci="5" mb="0" cb="0"/><line nr="182" mi="0" ci="1" mb="0" cb="0"/><line nr="183" mi="0" ci="1" mb="0" cb="0"/><line nr="188" mi="0" ci="5" mb="0" cb="0"/><line nr="189" mi="0" ci="1" mb="0" cb="0"/><line nr="194" mi="0" ci="5" mb="0" cb="0"/><line nr="195" mi="0" ci="1" mb="0" cb="0"/><line nr="200" mi="0" ci="5" mb="0" cb="0"/><line nr="201" mi="0" ci="1" mb="0" cb="0"/><line nr="206" mi="0" ci="5" mb="0" cb="0"/><line nr="207" mi="0" ci="1" mb="0" cb="0"/><line nr="212" mi="0" ci="3" mb="0" cb="0"/><line nr="213" mi="0" ci="1" mb="0" cb="0"/><line nr="218" mi="0" ci="2" mb="0" cb="0"/><line nr="219" mi="0" ci="2" mb="0" cb="0"/><line nr="220" mi="0" ci="4" mb="0" cb="0"/><line nr="221" mi="0" ci="4" mb="0" cb="0"/><line nr="222" mi="0" ci="8" mb="0" cb="0"/><line nr="223" mi="0" ci="8" mb="0" cb="0"/><line nr="225" mi="0" ci="5" mb="0" cb="0"/><line nr="227" mi="0" ci="4" mb="0" cb="0"/><line nr="228" mi="0" ci="4" mb="0" cb="0"/><line nr="230" mi="0" ci="10" mb="0" cb="2"/><line nr="232" mi="0" ci="3" mb="1" cb="1"/><line nr="234" mi="0" ci="3" mb="0" cb="0"/><line nr="235" mi="0" ci="4" mb="0" cb="0"/><line nr="236" mi="0" ci="4" mb="0" cb="0"/><line nr="237" mi="0" ci="4" mb="0" cb="0"/><line nr="238" mi="0" ci="4" mb="0" cb="0"/><line nr="239" mi="1" ci="10" mb="1" cb="1"/><line nr="240" mi="0" ci="1" mb="0" cb="0"/><line nr="243" mi="3" ci="0" mb="0" cb="0"/><line nr="246" mi="0" ci="1" mb="0" cb="0"/><line nr="251" mi="0" ci="2" mb="0" cb="0"/><line nr="252" mi="0" ci="2" mb="0" cb="0"/><line nr="253" mi="0" ci="4" mb="0" cb="0"/><line nr="254" mi="0" ci="8" mb="0" cb="0"/><line nr="255" mi="0" ci="8" mb="0" cb="0"/><line nr="257" mi="0" ci="5" mb="0" cb="0"/><line nr="259" mi="0" ci="4" mb="0" cb="0"/><line nr="260" mi="0" ci="4" mb="0" cb="0"/><line nr="262" mi="0" ci="10" mb="0" cb="2"/><line nr="264" mi="0" ci="3" mb="1" cb="1"/><line nr="266" mi="0" ci="3" mb="0" cb="0"/><line nr="267" mi="0" ci="4" mb="0" cb="0"/><line nr="268" mi="0" ci="4" mb="0" cb="0"/><line nr="269" mi="0" ci="4" mb="0" cb="0"/><line nr="270" mi="0" ci="4" mb="0" cb="0"/><line nr="271" mi="0" ci="1" mb="0" cb="0"/><line nr="274" mi="3" ci="0" mb="0" cb="0"/><line nr="277" mi="0" ci="1" mb="0" cb="0"/><line nr="283" mi="0" ci="2" mb="0" cb="0"/><line nr="284" mi="0" ci="2" mb="0" cb="0"/><line nr="285" mi="0" ci="4" mb="0" cb="0"/><line nr="286" mi="0" ci="8" mb="0" cb="0"/><line nr="287" mi="0" ci="8" mb="0" cb="0"/><line nr="289" mi="0" ci="5" mb="0" cb="0"/><line nr="291" mi="0" ci="4" mb="0" cb="0"/><line nr="292" mi="0" ci="4" mb="0" cb="0"/><line nr="294" mi="0" ci="10" mb="0" cb="2"/><line nr="296" mi="0" ci="3" mb="1" cb="1"/><line nr="298" mi="0" ci="3" mb="0" cb="0"/><line nr="299" mi="0" ci="4" mb="0" cb="0"/><line nr="300" mi="0" ci="4" mb="0" cb="0"/><line nr="301" mi="0" ci="4" mb="0" cb="0"/><line nr="302" mi="0" ci="4" mb="0" cb="0"/><line nr="303" mi="0" ci="1" mb="0" cb="0"/><line nr="306" mi="3" ci="0" mb="0" cb="0"/><line nr="309" mi="0" ci="1" mb="0" cb="0"/><counter type="INSTRUCTION" missed="10" covered="426"/><counter type="BRANCH" missed="4" covered="10"/><counter type="LINE" missed="3" covered="141"/><counter type="COMPLEXITY" missed="4" covered="22"/><counter type="METHOD" missed="0" covered="19"/><counter type="CLASS" missed="0" covered="1"/></sourcefile><sourcefile name="UserGroupMemberServiceConfig.java"><line nr="9" mi="0" ci="3" mb="0" cb="0"/><line nr="14" mi="0" ci="4" mb="0" cb="0"/><counter type="INSTRUCTION" missed="0" covered="7"/><counter type="LINE" missed="0" covered="2"/><counter type="COMPLEXITY" missed="0" covered="2"/><counter type="METHOD" missed="0" covered="2"/><counter type="CLASS" missed="0" covered="1"/></sourcefile><sourcefile name="UserGroupMemberRelationServiceTestConfig.java"><line nr="23" mi="0" ci="3" mb="0" cb="0"/><line nr="39" mi="0" ci="4" mb="0" cb="0"/><line nr="40" mi="0" ci="4" mb="0" cb="0"/><line nr="41" mi="0" ci="8" mb="0" cb="0"/><line nr="43" mi="0" ci="7" mb="0" cb="0"/><line nr="45" mi="0" ci="2" mb="0" cb="0"/><line nr="51" mi="0" ci="4" mb="0" cb="0"/><line nr="57" mi="0" ci="4" mb="0" cb="0"/><line nr="63" mi="0" ci="4" mb="0" cb="0"/><line nr="69" mi="0" ci="4" mb="0" cb="0"/><line nr="74" mi="0" ci="4" mb="0" cb="0"/><line nr="81" mi="0" ci="4" mb="0" cb="0"/><line nr="83" mi="0" ci="4" mb="0" cb="0"/><line nr="84" mi="0" ci="8" mb="0" cb="0"/><line nr="85" mi="0" ci="8" mb="0" cb="0"/><line nr="86" mi="0" ci="6" mb="0" cb="0"/><line nr="87" mi="0" ci="6" mb="0" cb="0"/><line nr="89" mi="0" ci="6" mb="0" cb="0"/><line nr="90" mi="0" ci="3" mb="0" cb="0"/><line nr="92" mi="0" ci="2" mb="0" cb="0"/><line nr="98" mi="0" ci="4" mb="0" cb="0"/><line nr="99" mi="0" ci="4" mb="0" cb="0"/><line nr="102" mi="0" ci="4" mb="0" cb="0"/><line nr="103" mi="0" ci="3" mb="0" cb="0"/><line nr="104" mi="0" ci="3" mb="0" cb="0"/><line nr="105" mi="0" ci="4" mb="0" cb="0"/><line nr="109" mi="0" ci="4" mb="0" cb="0"/><line nr="110" mi="0" ci="3" mb="0" cb="0"/><line nr="111" mi="0" ci="3" mb="0" cb="0"/><line nr="112" mi="0" ci="4" mb="0" cb="0"/><line nr="116" mi="0" ci="4" mb="0" cb="0"/><line nr="117" mi="0" ci="3" mb="0" cb="0"/><line nr="118" mi="0" ci="3" mb="0" cb="0"/><line nr="119" mi="0" ci="4" mb="0" cb="0"/><line nr="122" mi="0" ci="1" mb="0" cb="0"/><line nr="123" mi="0" ci="3" mb="0" cb="0"/><line nr="125" mi="0" ci="5" mb="0" cb="0"/><line nr="126" mi="0" ci="5" mb="0" cb="0"/><line nr="128" mi="0" ci="5" mb="0" cb="0"/><line nr="129" mi="0" ci="5" mb="0" cb="0"/><line nr="131" mi="0" ci="5" mb="0" cb="0"/><line nr="132" mi="0" ci="5" mb="0" cb="0"/><line nr="134" mi="0" ci="6" mb="0" cb="0"/><line nr="135" mi="0" ci="6" mb="0" cb="0"/><line nr="136" mi="0" ci="6" mb="0" cb="0"/><line nr="138" mi="0" ci="8" mb="0" cb="0"/><line nr="140" mi="0" ci="3" mb="0" cb="0"/><line nr="142" mi="0" ci="2" mb="0" cb="0"/><line nr="149" mi="0" ci="4" mb="0" cb="0"/><line nr="150" mi="0" ci="3" mb="0" cb="0"/><line nr="151" mi="0" ci="3" mb="0" cb="0"/><line nr="152" mi="0" ci="3" mb="0" cb="0"/><line nr="153" mi="0" ci="3" mb="0" cb="0"/><line nr="155" mi="0" ci="5" mb="0" cb="0"/><line nr="156" mi="0" ci="5" mb="0" cb="0"/><line nr="158" mi="0" ci="2" mb="0" cb="0"/><line nr="164" mi="0" ci="4" mb="0" cb="0"/><line nr="165" mi="0" ci="4" mb="0" cb="0"/><line nr="168" mi="0" ci="4" mb="0" cb="0"/><line nr="169" mi="0" ci="3" mb="0" cb="0"/><line nr="170" mi="0" ci="3" mb="0" cb="0"/><line nr="171" mi="0" ci="3" mb="0" cb="0"/><line nr="172" mi="0" ci="4" mb="0" cb="0"/><line nr="173" mi="0" ci="4" mb="0" cb="0"/><line nr="175" mi="0" ci="4" mb="0" cb="0"/><line nr="176" mi="0" ci="8" mb="0" cb="0"/><line nr="177" mi="0" ci="6" mb="0" cb="0"/><line nr="179" mi="0" ci="3" mb="0" cb="0"/><line nr="180" mi="0" ci="7" mb="0" cb="0"/><line nr="184" mi="0" ci="4" mb="0" cb="0"/><line nr="185" mi="0" ci="3" mb="0" cb="0"/><line nr="186" mi="0" ci="3" mb="0" cb="0"/><line nr="187" mi="0" ci="3" mb="0" cb="0"/><line nr="188" mi="0" ci="4" mb="0" cb="0"/><line nr="190" mi="0" ci="3" mb="0" cb="0"/><line nr="191" mi="0" ci="7" mb="0" cb="0"/><line nr="194" mi="0" ci="3" mb="0" cb="0"/><line nr="195" mi="0" ci="6" mb="0" cb="0"/><line nr="197" mi="0" ci="3" mb="0" cb="0"/><line nr="198" mi="0" ci="7" mb="0" cb="0"/><line nr="199" mi="0" ci="1" mb="0" cb="0"/><counter type="INSTRUCTION" missed="0" covered="342"/><counter type="LINE" missed="0" covered="81"/><counter type="COMPLEXITY" missed="0" covered="11"/><counter type="METHOD" missed="0" covered="11"/><counter type="CLASS" missed="0" covered="1"/></sourcefile><sourcefile name="UserGroupMemberRelationServiceConfig.java"><line nr="9" mi="0" ci="3" mb="0" cb="0"/><line nr="14" mi="0" ci="4" mb="0" cb="0"/><counter type="INSTRUCTION" missed="0" covered="7"/><counter type="LINE" missed="0" covered="2"/><counter type="COMPLEXITY" missed="0" covered="2"/><counter type="METHOD" missed="0" covered="2"/><counter type="CLASS" missed="0" covered="1"/></sourcefile><counter type="INSTRUCTION" missed="10" covered="793"/><counter type="BRANCH" missed="4" covered="10"/><counter type="LINE" missed="3" covered="229"/><counter type="COMPLEXITY" missed="4" covered="40"/><counter type="METHOD" missed="0" covered="37"/><counter type="CLASS" missed="0" covered="5"/></package><package name="com/ee/fileDB"><class name="com/ee/fileDB/FileMetaUrlUploaderTest" sourcefilename="FileMetaUrlUploaderTest.java"><method name="&lt;init&gt;" desc="()V" line="20"><counter type="INSTRUCTION" missed="0" covered="3"/><counter type="LINE" missed="0" covered="1"/><counter type="COMPLEXITY" missed="0" covered="1"/><counter type="METHOD" missed="0" covered="1"/></method><method name="testValidUpload" desc="()V" line="26"><counter type="INSTRUCTION" missed="0" covered="108"/><counter type="LINE" missed="0" covered="25"/><counter type="COMPLEXITY" missed="0" covered="1"/><counter type="METHOD" missed="0" covered="1"/></method><method name="testValidUploadNullDescription" desc="()V" line="76"><counter type="INSTRUCTION" missed="0" covered="107"/><counter type="LINE" missed="0" covered="25"/><counter type="COMPLEXITY" missed="0" covered="1"/><counter type="METHOD" missed="0" covered="1"/></method><method name="testNoFileUpload" desc="()V" line="126"><counter type="INSTRUCTION" missed="0" covered="65"/><counter type="LINE" missed="0" covered="15"/><counter type="COMPLEXITY" missed="0" covered="1"/><counter type="METHOD" missed="0" covered="1"/></method><method name="testInternalFileUpload" desc="()V" line="159"><counter type="INSTRUCTION" missed="0" covered="65"/><counter type="LINE" missed="0" covered="15"/><counter type="COMPLEXITY" missed="0" covered="1"/><counter type="METHOD" missed="0" covered="1"/></method><method name="testMalformedURL" desc="()V" line="192"><counter type="INSTRUCTION" missed="0" covered="52"/><counter type="LINE" missed="0" covered="12"/><counter type="COMPLEXITY" missed="0" covered="1"/><counter type="METHOD" missed="0" covered="1"/></method><method name="lambda$0" desc="(Lcom/ee/fileDB/FileMetaUrlUploader;)V" line="206"><counter type="INSTRUCTION" missed="6" covered="0"/><counter type="LINE" missed="1" covered="0"/><counter type="COMPLEXITY" missed="1" covered="0"/><counter type="METHOD" missed="1" covered="0"/></method><counter type="INSTRUCTION" missed="6" covered="400"/><counter type="LINE" missed="0" covered="93"/><counter type="COMPLEXITY" missed="1" covered="6"/><counter type="METHOD" missed="1" covered="6"/><counter type="CLASS" missed="0" covered="1"/></class><sourcefile name="FileMetaUrlUploaderTest.java"><line nr="20" mi="0" ci="3" mb="0" cb="0"/><line nr="26" mi="0" ci="2" mb="0" cb="0"/><line nr="27" mi="0" ci="2" mb="0" cb="0"/><line nr="28" mi="0" ci="2" mb="0" cb="0"/><line nr="29" mi="0" ci="2" mb="0" cb="0"/><line nr="30" mi="0" ci="2" mb="0" cb="0"/><line nr="31" mi="0" ci="2" mb="0" cb="0"/><line nr="36" mi="0" ci="4" mb="0" cb="0"/><line nr="37" mi="0" ci="8" m
[...]
/><line nr="52" mi="0" ci="5" mb="0" cb="0"/><line nr="53" mi="0" ci="3" mb="0" cb="0"/><line nr="55" mi="0" ci="5" mb="0" cb="0"/><line nr="56" mi="0" ci="3" mb="0" cb="0"/><line nr="58" mi="0" ci="5" mb="0" cb="0"/><line nr="59" mi="0" ci="3" mb="0" cb="0"/><line nr="61" mi="0" ci="5" mb="0" cb="0"/><line nr="62" mi="0" ci="3" mb="0" cb="0"/><line nr="63" mi="0" ci="1" mb="0" cb="0"/><line nr="68" mi="0" ci="5" mb="0" cb="0"/><line nr="69" mi="0" ci="3" mb="0" cb="0"/><line nr="70" mi="0" ci="3" mb="0" cb="0"/><line nr="72" mi="0" ci="5" mb="0" cb="0"/><line nr="73" mi="0" ci="3" mb="0" cb="0"/><line nr="74" mi="0" ci="3" mb="0" cb="0"/><line nr="76" mi="0" ci="5" mb="0" cb="0"/><line nr="77" mi="0" ci="3" mb="0" cb="0"/><line nr="78" mi="0" ci="3" mb="0" cb="0"/><line nr="80" mi="0" ci="5" mb="0" cb="0"/><line nr="81" mi="0" ci="3" mb="0" cb="0"/><line nr="82" mi="0" ci="3" mb="0" cb="0"/><line nr="84" mi="0" ci="5" mb="0" cb="0"/><line nr="85" mi="0" ci="3" mb="0" cb="0"/><line nr="86" mi="0" ci="3" mb="0" cb="0"/><line nr="88" mi="0" ci="5" mb="0" cb="0"/><line nr="89" mi="0" ci="3" mb="0" cb="0"/><line nr="90" mi="0" ci="3" mb="0" cb="0"/><line nr="92" mi="0" ci="5" mb="0" cb="0"/><line nr="93" mi="0" ci="3" mb="0" cb="0"/><line nr="94" mi="0" ci="3" mb="0" cb="0"/><line nr="96" mi="0" ci="5" mb="0" cb="0"/><line nr="97" mi="0" ci="3" mb="0" cb="0"/><line nr="98" mi="0" ci="3" mb="0" cb="0"/><line nr="100" mi="0" ci="5" mb="0" cb="0"/><line nr="101" mi="0" ci="3" mb="0" cb="0"/><line nr="102" mi="0" ci="3" mb="0" cb="0"/><line nr="105" mi="0" ci="5" mb="0" cb="0"/><line nr="106" mi="0" ci="3" mb="0" cb="0"/><line nr="107" mi="0" ci="3" mb="0" cb="0"/><line nr="109" mi="0" ci="5" mb="0" cb="0"/><line nr="110" mi="0" ci="3" mb="0" cb="0"/><line nr="111" mi="0" ci="3" mb="0" cb="0"/><line nr="113" mi="0" ci="5" mb="0" cb="0"/><line nr="114" mi="0" ci="3" mb="0" cb="0"/><line nr="115" mi="0" ci="3" mb="0" cb="0"/><line nr="116" mi="0" ci="1" mb="0" cb="0"/><line nr="121" mi="0" ci="2" mb="0" cb="0"/><line nr="123" mi="0" ci="5" mb="0" cb="0"/><line nr="124" mi="0" ci="4" mb="0" cb="0"/><line nr="125" mi="0" ci="3" mb="0" cb="0"/><line nr="127" mi="0" ci="5" mb="0" cb="0"/><line nr="128" mi="0" ci="4" mb="0" cb="0"/><line nr="129" mi="0" ci="3" mb="0" cb="0"/><line nr="131" mi="0" ci="5" mb="0" cb="0"/><line nr="132" mi="0" ci="4" mb="0" cb="0"/><line nr="133" mi="0" ci="3" mb="0" cb="0"/><line nr="135" mi="0" ci="5" mb="0" cb="0"/><line nr="136" mi="0" ci="4" mb="0" cb="0"/><line nr="137" mi="0" ci="3" mb="0" cb="0"/><line nr="139" mi="0" ci="5" mb="0" cb="0"/><line nr="140" mi="0" ci="4" mb="0" cb="0"/><line nr="141" mi="0" ci="3" mb="0" cb="0"/><line nr="143" mi="0" ci="5" mb="0" cb="0"/><line nr="144" mi="0" ci="4" mb="0" cb="0"/><line nr="145" mi="0" ci="3" mb="0" cb="0"/><line nr="147" mi="0" ci="5" mb="0" cb="0"/><line nr="148" mi="0" ci="4" mb="0" cb="0"/><line nr="149" mi="0" ci="3" mb="0" cb="0"/><line nr="151" mi="0" ci="5" mb="0" cb="0"/><line nr="152" mi="0" ci="4" mb="0" cb="0"/><line nr="153" mi="0" ci="3" mb="0" cb="0"/><line nr="155" mi="0" ci="5" mb="0" cb="0"/><line nr="156" mi="0" ci="4" mb="0" cb="0"/><line nr="157" mi="0" ci="3" mb="0" cb="0"/><line nr="159" mi="0" ci="5" mb="0" cb="0"/><line nr="160" mi="0" ci="4" mb="0" cb="0"/><line nr="161" mi="0" ci="3" mb="0" cb="0"/><line nr="163" mi="0" ci="5" mb="0" cb="0"/><line nr="164" mi="0" ci="4" mb="0" cb="0"/><line nr="165" mi="0" ci="3" mb="0" cb="0"/><line nr="168" mi="0" ci="5" mb="0" cb="0"/><line nr="169" mi="0" ci="4" mb="0" cb="0"/><line nr="170" mi="0" ci="3" mb="0" cb="0"/><line nr="172" mi="0" ci="5" mb="0" cb="0"/><line nr="173" mi="0" ci="4" mb="0" cb="0"/><line nr="174" mi="0" ci="3" mb="0" cb="0"/><line nr="176" mi="0" ci="5" mb="0" cb="0"/><line nr="177" mi="0" ci="4" mb="0" cb="0"/><line nr="178" mi="0" ci="3" mb="0" cb="0"/><line nr="180" mi="0" ci="5" mb="0" cb="0"/><line nr="181" mi="0" ci="4" mb="0" cb="0"/><line nr="182" mi="0" ci="3" mb="0" cb="0"/><line nr="184" mi="0" ci="5" mb="0" cb="0"/><line nr="185" mi="0" ci="4" mb="0" cb="0"/><line nr="186" mi="0" ci="3" mb="0" cb="0"/><line nr="187" mi="0" ci="1" mb="0" cb="0"/><line nr="192" mi="0" ci="2" mb="0" cb="0"/><line nr="195" mi="0" ci="5" mb="0" cb="0"/><line nr="196" mi="0" ci="4" mb="0" cb="0"/><line nr="197" mi="0" ci="3" mb="0" cb="0"/><line nr="199" mi="0" ci="5" mb="0" cb="0"/><line nr="200" mi="0" ci="4" mb="0" cb="0"/><line nr="201" mi="0" ci="3" mb="0" cb="0"/><line nr="203" mi="0" ci="5" mb="0" cb="0"/><line nr="204" mi="0" ci="4" mb="0" cb="0"/><line nr="205" mi="0" ci="3" mb="0" cb="0"/><line nr="207" mi="0" ci="2" mb="0" cb="0"/><line nr="209" mi="0" ci="5" mb="0" cb="0"/><line nr="210" mi="0" ci="4" mb="0" cb="0"/><line nr="211" mi="0" ci="3" mb="0" cb="0"/><line nr="213" mi="0" ci="5" mb="0" cb="0"/><line nr="214" mi="0" ci="4" mb="0" cb="0"/><line nr="215" mi="0" ci="3" mb="0" cb="0"/><line nr="217" mi="0" ci="8" mb="0" cb="0"/><line nr="218" mi="0" ci="4" mb="0" cb="0"/><line nr="219" mi="0" ci="3" mb="0" cb="0"/><line nr="220" mi="0" ci="1" mb="0" cb="0"/><counter type="INSTRUCTION" missed="0" covered="524"/><counter type="LINE" missed="0" covered="138"/><counter type="COMPLEXITY" missed="0" covered="5"/><counter type="METHOD" missed="0" covered="5"/><counter type="CLASS" missed="0" covered="1"/></sourcefile><sourcefile name="LinkUrlValidationConfig.java"><line nr="16" mi="0" ci="3" mb="0" cb="0"/><line nr="18" mi="0" ci="5" mb="0" cb="0"/><line nr="19" mi="0" ci="5" mb="0" cb="0"/><line nr="20" mi="0" ci="5" mb="0" cb="0"/><line nr="25" mi="0" ci="4" mb="0" cb="0"/><line nr="31" mi="0" ci="4" mb="0" cb="0"/><line nr="37" mi="0" ci="4" mb="0" cb="0"/><line nr="43" mi="0" ci="2" mb="0" cb="0"/><line nr="44" mi="0" ci="2" mb="0" cb="0"/><line nr="46" mi="0" ci="11" mb="0" cb="0"/><line nr="51" mi="0" ci="4" mb="0" cb="0"/><line nr="57" mi="0" ci="4" mb="0" cb="0"/><line nr="63" mi="0" ci="4" mb="0" cb="0"/><line nr="70" mi="0" ci="5" mb="0" cb="0"/><line nr="71" mi="0" ci="5" mb="0" cb="0"/><line nr="72" mi="0" ci="5" mb="0" cb="0"/><line nr="73" mi="0" ci="1" mb="0" cb="0"/><line nr="77" mi="0" ci="5" mb="0" cb="0"/><line nr="78" mi="0" ci="5" mb="0" cb="0"/><line nr="80" mi="0" ci="5" mb="0" cb="0"/><line nr="81" mi="0" ci="5" mb="0" cb="0"/><line nr="82" mi="0" ci="5" mb="0" cb="0"/><line nr="83" mi="0" ci="1" mb="0" cb="0"/><counter type="INSTRUCTION" missed="0" covered="99"/><counter type="LINE" missed="0" covered="23"/><counter type="COMPLEXITY" missed="0" covered="11"/><counter type="METHOD" missed="0" covered="11"/><counter type="CLASS" missed="0" covered="2"/></sourcefile><sourcefile name="LinkValidationCacheConfig.java"><line nr="15" mi="0" ci="3" mb="0" cb="0"/><line nr="17" mi="0" ci="6" mb="0" cb="0"/><line nr="22" mi="0" ci="4" mb="0" cb="0"/><line nr="28" mi="0" ci="11" mb="0" cb="0"/><line nr="33" mi="0" ci="4" mb="0" cb="0"/><line nr="34" mi="0" ci="4" mb="0" cb="0"/><line nr="38" mi="0" ci="2" mb="0" cb="0"/><line nr="39" mi="0" ci="1" mb="0" cb="0"/><line nr="40" mi="1" ci="0" mb="0" cb="0"/><line nr="42" mi="5" ci="0" mb="0" cb="0"/><line nr="45" mi="0" ci="2" mb="0" cb="0"/><line nr="51" mi="0" ci="4" mb="0" cb="0"/><line nr="52" mi="0" ci="4" mb="0" cb="0"/><line nr="56" mi="0" ci="2" mb="0" cb="0"/><line nr="57" mi="0" ci="1" mb="0" cb="0"/><line nr="58" mi="1" ci="0" mb="0" cb="0"/><line nr="60" mi="5" ci="0" mb="0" cb="0"/><line nr="63" mi="0" ci="2" mb="0" cb="0"/><line nr="69" mi="0" ci="4" mb="0" cb="0"/><line nr="70" mi="0" ci="4" mb="0" cb="0"/><line nr="74" mi="0" ci="2" mb="0" cb="0"/><line nr="75" mi="0" ci="1" mb="0" cb="0"/><line nr="76" mi="1" ci="0" mb="0" cb="0"/><line nr="78" mi="5" ci="0" mb="0" cb="0"/><line nr="81" mi="0" ci="2" mb="0" cb="0"/><counter type="INSTRUCTION" missed="18" covered="63"/><counter type="LINE" missed="6" covered="19"/><counter type="COMPLEXITY" missed="0" covered="8"/><counter type="METHOD" missed="0" covered="8"/><counter type="CLASS" missed="0" covered="2"/></sourcefile><sourcefile name="LinkValidationCacheTest.java"><line nr="16" mi="0" ci="3" mb="0" cb="0"/><line nr="24" mi="0" ci="5" mb="0" cb="0"/><line nr="25" mi="0" ci="1" mb="0" cb="0"/><line nr="30" mi="0" ci="4" mb="0" cb="0"/><line nr="31" mi="0" ci="4" mb="0" cb="0"/><line nr="32" mi="0" ci="1" mb="0" cb="0"/><line nr="37" mi="0" ci="4" mb="0" cb="0"/><line nr="38" mi="0" ci="4" mb="0" cb="0"/><line nr="39" mi="0" ci="1" mb="0" cb="0"/><line nr="44" mi="0" ci="4" mb="0" cb="0"/><line nr="45" mi="0" ci="4" mb="0" cb="0"/><line nr="46" mi="0" ci="1" mb="0" cb="0"/><line nr="52" mi="0" ci="5" mb="0" cb="0"/><line nr="54" mi="0" ci="4" mb="0" cb="0"/><line nr="56" mi="0" ci="4" mb="0" cb="0"/><line nr="57" mi="0" ci="3" mb="0" cb="0"/><line nr="59" mi="0" ci="4" mb="0" cb="0"/><line nr="60" mi="0" ci="3" mb="0" cb="0"/><line nr="62" mi="0" ci="4" mb="0" cb="0"/><line nr="63" mi="0" ci="3" mb="0" cb="0"/><line nr="65" mi="0" ci="2" mb="0" cb="0"/><line nr="68" mi="0" ci="3" mb="0" cb="0"/><line nr="70" mi="0" ci="4" mb="0" cb="0"/><line nr="71" mi="0" ci="3" mb="0" cb="0"/><line nr="72" mi="0" ci="4" mb="0" cb="0"/><line nr="74" mi="0" ci="4" mb="0" cb="0"/><line nr="75" mi="0" ci="3" mb="0" cb="0"/><line nr="76" mi="0" ci="4" mb="0" cb="0"/><line nr="78" mi="0" ci="4" mb="0" cb="0"/><line nr="79" mi="0" ci="3" mb="0" cb="0"/><line nr="80" mi="0" ci="4" mb="0" cb="0"/><line nr="81" mi="0" ci="1" mb="0" cb="0"/><line nr="86" mi="0" ci="4" mb="0" cb="0"/><line nr="87" mi="0" ci="4" mb="0" cb="0"/><line nr="88" mi="0" ci="4" mb="0" cb="0"/><line nr="89" mi="0" ci="1" mb="0" cb="0"/><counter type="INSTRUCTION" missed="0" covered="118"/><counter type="LINE" missed="0" covered="36"/><counter type="COMPLEXITY" missed="0" covered="7"/><counter type="METHOD" missed="0" covered="7"/><counter type="CLASS" missed="0" covered="1"/></sourcefile><counter type="INSTRUCTION" missed="18" covered="804"/><counter type="LINE" missed="6" covered="216"/><counter type="COMPLEXITY" missed="0" covered="31"/><counter type="METHOD" missed="0" covered="31"/><counter type="CLASS" missed="0" covered="6"/></package><package name="com/ee/junit/member"><class name="com/ee/junit/member/MemberServiceConfig" sourcefilename="MemberServiceConfig.java"><method name="&lt;clinit&gt;" desc="()V" line="24"><counter type="INSTRUCTION" missed="0" covered="11"/><counter type="LINE" missed="0" covered="6"/><counter type="COMPLEXITY" missed="0" covered="1"/><counter type="METHOD" missed="0" covered="1"/></method><method name="&lt;init&gt;" desc="()V" line="22"><counter type="INSTRUCTION" missed="0" covered="3"/><counter type="LINE" missed="0" covered="1"/><counter type="COMPLEXITY" missed="0" covered="1"/><counter type="METHOD" missed="0" covered="1"/></method><method name="memberService" desc="()Lcom/ee/member/MemberService;" line="39"><counter type="INSTRUCTION" missed="0" covered="6"/><counter type="LINE" missed="0" covered="1"/><counter type="COMPLEXITY" missed="0" covered="1"/><counter type="METHOD" missed="0" covered="1"/></method><method name="memberDataAccessObject" desc="()Lcom/ee/member/MemberDataAccessObject;" line="46"><counter type="INSTRUCTION" missed="0" covered="15"/><counter type="LINE" missed="0" covered="4"/><counter type="COMPLEXITY" missed="0" covered="1"/><counter type="METHOD" missed="0" covered="1"/></method><method name="memberCmsSiteAccessDataAccessObject" desc="()Lcom/ee/member/MemberCmsSiteAccessDataAccessObject;" line="58"><counter type="INSTRUCTION" missed="0" covered="24"/><counter type="LINE" missed="0" covered="7"/><counter type="COMPLEXITY" missed="0" covered="1"/><counter type="METHOD" missed="0" covered="1"/></method><method name="initializeValidMember" desc="()Lcom/ee/common/dbObject/MemberCommon;" line="73"><counter type="INSTRUCTION" missed="0" covered="14"/><counter type="LINE" missed="0" covered="3"/><counter type="COMPLEXITY" missed="0" covered="1"/><counter type="METHOD" missed="0" covered="1"/></method><method name="initializeValidMemberCmsSiteAccess" desc="()Lcom/ee/common/dbObject/MemberCMSSiteAccessCommon;" line="82"><counter type="INSTRUCTION" missed="9" covered="56"/><counter type="LINE" missed="2" covered="10"/><counter type="COMPLEXITY" missed="0" covered="1"/><counter type="METHOD" missed="0" covered="1"/></method><counter type="INSTRUCTION" missed="9" covered="129"/><counter type="LINE" missed="2" covered="32"/><counter type="COMPLEXITY" missed="0" covered="7"/><counter type="METHOD" missed="0" covered="7"/><counter type="CLASS" missed="0" covered="1"/></class><class name="com/ee/junit/member/MemberServiceTest" sourcefilename="MemberServiceTest.java"><method name="&lt;init&gt;" desc="()V" line="27"><counter type="INSTRUCTION" missed="0" covered="3"/><counter type="LINE" missed="0" covered="1"/><counter type="COMPLEXITY" missed="0" covered="1"/><counter type="METHOD" missed="0" covered="1"/></method><method name="initializeThreadSession" desc="()V" line="39"><counter type="INSTRUCTION" missed="0" covered="2"/><counter type="LINE" missed="0" covered="2"/><counter type="COMPLEXITY" missed="0" covered="1"/><counter type="METHOD" missed="0" covered="1"/></method><method name="resetThreadSession" desc="()V" line="45"><counter type="INSTRUCTION" missed="0" covered="2"/><counter type="LINE" missed="0" covered="2"/><counter type="COMPLEXITY" missed="0" covered="1"/><counter type="METHOD" missed="0" covered="1"/></method><method name="testCurrentMemberNoCookie" desc="()V" line="53"><counter type="INSTRUCTION" missed="0" covered="8"/><counter type="LINE" missed="0" covered="3"/><counter type="COMPLEXITY" missed="0" covered="1"/><counter type="METHOD" missed="0" covered="1"/></method><method name="testCurrentMemberValid" desc="()V" line="63"><counter type="INSTRUCTION" missed="0" covered="21"/><counter type="LINE" missed="0" covered="6"/><counter type="COMPLEXITY" missed="0" covered="1"/><counter type="METHOD" missed="0" covered="1"/></method><method name="testCurrentMemberValidCached" desc="()V" line="77"><counter type="INSTRUCTION" missed="0" covered="55"/><counter type="LINE" missed="0" covered="11"/><counter type="COMPLEXITY" missed="0" covered="1"/><counter type="METHOD" missed="0" covered="1"/></method><method name="testCurrentMemberCmsSiteAccessNoCookie" desc="()V" line="99"><counter type="INSTRUCTION" missed="0" covered="8"/><counter type="LINE" missed="0" covered="3"/><counter type="COMPLEXITY" missed="0" covered="1"/><counter type="METHOD" missed="0" covered="1"/></method><method name="testCurrentMemberCmsSiteAccessValid" desc="()V" line="109"><counter type="INSTRUCTION" missed="0" covered="21"/><counter type="LINE" missed="0" covered="6"/><counter type="COMPLEXITY" missed="0" covered="1"/><counter type="METHOD" missed="0" covered="1"/></method><method name="testCurrentMemberCmsSiteAccessValidCached" desc="()V" line="123"><counter type="INSTRUCTION" missed="0" covered="55"/><counter type="LINE" missed="0" covered="12"/><counter type="COMPLEXITY" missed="0" covered="1"/><counter type="METHOD" missed="0" covered="1"/></method><counter type="INSTRUCTION" missed="0" covered="175"/><counter type="LINE" missed="0" covered="46"/><counter type="COMPLEXITY" missed="0" covered="9"/><counter type="METHOD" missed="0" covered="9"/><counter type="CLASS" missed="0" covered="1"/></class><sourcefile name="MemberServiceTest.java"><line nr="27" mi="0" ci="3" mb="0" cb="0"/><line nr="39" mi="0" ci="1" mb="0" cb="0"/><line nr="40" mi="0" ci="1" mb="0" cb="0"/><line nr="45" mi="0" ci="1" mb="0" cb="0"/><line nr="46" mi="0" ci="1" mb="0" cb="0"/><line nr="53" mi="0" ci="4" mb="0" cb="0"/><line nr="55" mi="0" ci="3" mb="0" cb="0"/><line nr="56" mi="0" ci="1" mb="0" cb="0"/><line nr="63" mi="0" ci="5" mb="0" cb="0"/><line nr="64" mi="0" ci="2" mb="0" cb="0"/><line nr="65" mi="0" ci="6" mb="0" cb="0"/><line nr="67" mi="0" ci="4" mb="0" cb="0"/><line nr="69" mi="0" ci="3" mb="0" cb="0"/><line nr="70" mi="0" ci="1" mb="0" cb="0"/><line nr="77" mi="0" ci="5" mb="0" cb="0"/><line nr="78" mi="0" ci="2" mb="0" cb="0"/><line nr="79" mi="0" ci="6" mb="0" cb="0"/><line nr="81" mi="0" ci="4" mb="0" cb="0"/><line nr="83" mi="0" ci="3" mb="0" cb="0"/><line nr="86" mi="0" ci="4" mb="0" cb="0"/><line nr="88" mi="0" ci="3" mb="0" cb="0"/><line nr="89" mi="0" ci="8" mb="0" cb="0"/><line nr="90" mi="0" ci="9" mb="0" cb="0"/><line nr="91" mi="0" ci="10" mb="0" cb="0"/><line nr="92" mi="0" ci="1" mb="0" cb="0"/><line nr="99" mi="0" ci="4" mb="0" cb="0"/><line nr="101" mi="0" ci="3" mb="0" cb="0"/><line nr="102" mi="0" ci="1" mb="0" cb="0"/><line nr="109" mi="0" ci="5" mb="0" cb="0"/><line nr="110" mi="0" ci="2" mb="0" cb="0"/><line nr="111" mi="0" ci="6" mb="0" cb="0"/><line nr="113" mi="0" ci="4" mb="0" cb="0"/><line nr="115" mi="0" ci="3" mb="0" cb="0"/><line nr="116" mi="0" ci="1" mb="0" cb="0"/><line nr="123" mi="0" ci="5" mb="0" cb="0"/><line nr="124" mi="0" ci="2" mb="0" cb="0"/><line nr="125" mi="0" ci="6" mb="0" cb="0"/><line nr="127" mi="0" ci="4" mb="0" cb="0"/><line nr="129" mi="0" ci="3" mb="0" cb="0"/><line nr="132" mi="0" ci="1" mb="0" cb="0"/><line nr="133" mi="0" ci="3" mb="0" cb="0"/><line nr="135" mi="0" ci="3" mb="0" cb="0"/><line nr="136" mi="0" ci="8" mb="0" cb="0"/><line nr="137" mi="0" ci="9" mb="0" cb="0"/><line nr="138" mi="0" ci="10" mb="0" cb="0"/><line nr="139" mi="0" ci="1" mb="0" cb="0"/><counter type="INSTRUCTION" missed="0" covered="175"/><counter type="LINE" missed="0" covered="46"/><counter type="COMPLEXITY" missed="0" covered="9"/><counter type="METHOD" missed="0" covered="9"/><counter type="CLASS" missed="0" covered="1"/></sourcefile><sourcefile name="MemberServiceConfig.java"><line nr="22" mi="0" ci="3" mb="0" cb="0"/><line nr="24" mi="0" ci="1" mb="0" cb="0"/><line nr="25" mi="0" ci="1" mb="0" cb="0"/><line nr="26" mi="0" ci="1" mb="0" cb="0"/><line nr="27" mi="0" ci="1" mb="0" cb="0"/><line nr="30" mi="0" ci="3" mb="0" cb="0"/><line nr="33" mi="0" ci="4" mb="0" cb="0"/><line nr="39" mi="0" ci="6" mb="0" cb="0"/><line nr="46" mi="0" ci="4" mb="0" cb="0"/><line nr="48" mi="0" ci="5" mb="0" cb="0"/><line nr="49" mi="0" ci="4" mb="0" cb="0"/><line nr="51" mi="0" ci="2" mb="0" cb="0"/><line nr="58" mi="0" ci="1" mb="0" cb="0"/><line nr="59" mi="0" ci="3" mb="0" cb="0"/><line nr="61" mi="0" ci="5" mb="0" cb="0"/><line nr="62" mi="0" ci="4" mb="0" cb="0"/><line nr="64" mi="0" ci="5" mb="0" cb="0"/><line nr="65" mi="0" ci="4" mb="0" cb="0"/><line nr="67" mi="0" ci="2" mb="0" cb="0"/><line nr="73" mi="0" ci="4" mb="0" cb="0"/><line nr="75" mi="0" ci="8" mb="0" cb="0"/><line nr="77" mi="0" ci="2" mb="0" cb="0"/><line nr="82" mi="0" ci="4" mb="0" cb="0"/><line nr="86" mi="0" ci="8" mb="0" cb="0"/><line nr="87" mi="0" ci="8" mb="0" cb="0"/><line nr="88" mi="0" ci="8" mb="0" cb="0"/><line nr="89" mi="0" ci="6" mb="0" cb="0"/><line nr="90" mi="0" ci="6" mb="0" cb="0"/><line nr="92" mi="0" ci="6" mb="0" cb="0"/><line nr="93" mi="0" ci="7" mb="0" cb="0"/><line nr="94" mi="8" ci="0" mb="0" cb="0"/><line nr="95" mi="1" ci="0" mb="0" cb="0"/><line nr="96" mi="0" ci="1" mb="0" cb="0"/><line nr="101" mi="0" ci="2" mb="0" cb="0"/><counter type="INSTRUCTION" missed="9" covered="129"/><counter type="LINE" missed="2" covered="32"/><counter type="COMPLEXITY" missed="0" covered="7"/><counter type="METHOD" missed="0" covered="7"/><counter type="CLASS" missed="0" covered="1"/></sourcefile><counter type="INSTRUCTION" missed="9" covered="304"/><counter type="LINE" missed="2" covered="78"/><counter type="COMPLEXITY" missed="0" covered="16"/><counter type="METHOD" missed="0" covered="16"/><counter type="CLASS" missed="0" covered="2"/></package><counter type="INSTRUCTION" missed="9715" covered="27450"/><counter type="BRANCH" missed="528" covered="271"/><counter type="LINE" missed="2507" covered="6134"/><counter type="COMPLEXITY" missed="854" covered="923"/><counter type="METHOD" missed="529" covered="803"/><counter type="CLASS" missed="29" covered="129"/></report>